Watching for file changes with StatReloader
[09/Apr/2023 13:04:41] "GET / HTTP/1.1" 302 0
[09/Apr/2023 13:04:42] "GET / HTTP/1.1" 302 0
[09/Apr/2023 13:04:46] "GET / HTTP/1.1" 302 0
[09/Apr/2023 13:04:51] "GET / HTTP/1.1" 302 0
[09/Apr/2023 13:04:56] "GET /product/ HTTP/1.1" 200 10246
[09/Apr/2023 13:04:58] "GET /customer/ HTTP/1.1" 200 30155
[09/Apr/2023 13:04:59] "GET /product/ HTTP/1.1" 200 10246
[09/Apr/2023 13:04:59] "GET /recommend/ HTTP/1.1" 200 3335
[09/Apr/2023 13:05:01] "GET /customer/ HTTP/1.1" 200 30155
[09/Apr/2023 13:05:01] "GET /product/ HTTP/1.1" 200 10246
[09/Apr/2023 13:05:03] "GET / HTTP/1.1" 302 0
[09/Apr/2023 13:05:16] "GET / HTTP/1.1" 302 0
[09/Apr/2023 13:05:21] "GET / HTTP/1.1" 302 0
[09/Apr/2023 13:05:33] "GET / HTTP/1.1" 302 0
[09/Apr/2023 13:05:46] "GET / HTTP/1.1" 302 0
[09/Apr/2023 13:05:51] "GET / HTTP/1.1" 302 0
[09/Apr/2023 13:06:03] "GET / HTTP/1.1" 302 0
[09/Apr/2023 13:06:16] "GET / HTTP/1.1" 302 0
[09/Apr/2023 13:06:21] "GET / HTTP/1.1" 302 0
[09/Apr/2023 13:06:33] "GET / HTTP/1.1" 302 0
Not Found: /favicon.ico
[09/Apr/2023 13:06:37] "GET /favicon.ico HTTP/1.1" 404 3946
[09/Apr/2023 13:06:46] "GET / HTTP/1.1" 302 0
[09/Apr/2023 13:06:51] "GET / HTTP/1.1" 302 0
[09/Apr/2023 13:06:54] "GET /logout/ HTTP/1.1" 302 0
[09/Apr/2023 13:06:54] "GET /login/ HTTP/1.1" 200 3746
[09/Apr/2023 13:06:54] "GET /login/ HTTP/1.1" 200 3746
[09/Apr/2023 13:07:03] "GET / HTTP/1.1" 302 0
[09/Apr/2023 13:07:16] "GET / HTTP/1.1" 302 0
[09/Apr/2023 13:07:21] "GET / HTTP/1.1" 302 0
[09/Apr/2023 13:07:33] "GET / HTTP/1.1" 302 0
[09/Apr/2023 13:07:46] "GET / HTTP/1.1" 302 0
[09/Apr/2023 13:07:51] "GET / HTTP/1.1" 302 0
[09/Apr/2023 13:07:54] "POST /login/ HTTP/1.1" 302 0
[09/Apr/2023 13:07:55] "GET /product/ HTTP/1.1" 200 10246
[09/Apr/2023 13:08:03] "GET / HTTP/1.1" 302 0
[09/Apr/2023 13:08:13] "GET /product_detail/1/ HTTP/1.1" 302 0
[09/Apr/2023 13:08:13] "GET /product/ HTTP/1.1" 200 10246
[09/Apr/2023 13:08:16] "GET / HTTP/1.1" 302 0
[09/Apr/2023 13:08:21] "GET / HTTP/1.1" 302 0
[09/Apr/2023 13:08:33] "GET / HTTP/1.1" 302 0
[09/Apr/2023 13:08:46] "GET / HTTP/1.1" 302 0
[09/Apr/2023 13:08:51] "GET / HTTP/1.1" 302 0
[09/Apr/2023 13:09:03] "GET / HTTP/1.1" 302 0
[09/Apr/2023 13:09:11] "GET / HTTP/1.1" 302 0
[09/Apr/2023 13:09:11] "GET /login/?next=/ HTTP/1.1" 200 3746
[09/Apr/2023 13:09:16] "GET / HTTP/1.1" 302 0
[09/Apr/2023 13:09:21] "GET / HTTP/1.1" 302 0
[09/Apr/2023 13:09:33] "GET / HTTP/1.1" 302 0
[09/Apr/2023 13:09:46] "GET / HTTP/1.1" 302 0
[09/Apr/2023 13:09:52] "GET / HTTP/1.1" 302 0
[09/Apr/2023 13:10:03] "GET / HTTP/1.1" 302 0
[09/Apr/2023 13:10:16] "GET / HTTP/1.1" 302 0
[09/Apr/2023 13:10:22] "GET / HTTP/1.1" 302 0
[09/Apr/2023 13:10:33] "GET / HTTP/1.1" 302 0
[09/Apr/2023 13:10:46] "GET / HTTP/1.1" 302 0
Internal Server Error: /login
Traceback (most recent call last):
  File "/home/ec2-user/django_order/venv/lib/python3.7/site-packages/django/core/handlers/exception.py", line 47, in inner
    response = get_response(request)
  File "/home/ec2-user/django_order/venv/lib/python3.7/site-packages/django/utils/deprecation.py", line 116, in __call__
    response = self.process_request(request)
  File "/home/ec2-user/django_order/venv/lib/python3.7/site-packages/django/middleware/common.py", line 54, in process_request
    path = self.get_full_path_with_slash(request)
  File "/home/ec2-user/django_order/venv/lib/python3.7/site-packages/django/middleware/common.py", line 95, in get_full_path_with_slash
    'url': request.get_host() + new_path,
RuntimeError: You called this URL via POST, but the URL doesn't end in a slash and you have APPEND_SLASH set. Django can't redirect to the slash URL while maintaining POST data. Change your form to point to 43.200.118.21:8000/login/ (note the trailing slash), or set APPEND_SLASH=False in your Django settings.
[09/Apr/2023 13:10:48] "POST //login HTTP/1.1" 500 66092
[09/Apr/2023 13:10:48] "GET //product_detail/1/ HTTP/1.1" 302 0
[09/Apr/2023 13:10:48] "GET /product/ HTTP/1.1" 302 0
[09/Apr/2023 13:10:48] "GET /login/?next=/product/ HTTP/1.1" 200 3746
[09/Apr/2023 13:10:49] "GET //product_detail/1/ HTTP/1.1" 302 0
[09/Apr/2023 13:10:49] "GET /product/ HTTP/1.1" 302 0
[09/Apr/2023 13:10:49] "GET /login/?next=/product/ HTTP/1.1" 200 3746
[09/Apr/2023 13:10:51] "GET //product_detail/1/ HTTP/1.1" 302 0
[09/Apr/2023 13:10:51] "GET /product/ HTTP/1.1" 302 0
[09/Apr/2023 13:10:51] "GET /login/?next=/product/ HTTP/1.1" 200 3746
[09/Apr/2023 13:10:52] "GET / HTTP/1.1" 302 0
[09/Apr/2023 13:10:56] "GET //product_detail/1/ HTTP/1.1" 302 0
[09/Apr/2023 13:10:56] "GET /product/ HTTP/1.1" 302 0
[09/Apr/2023 13:10:56] "GET /login/?next=/product/ HTTP/1.1" 200 3746
[09/Apr/2023 13:11:01] "GET //product_detail/1/ HTTP/1.1" 302 0
[09/Apr/2023 13:11:01] "GET /product/ HTTP/1.1" 302 0
[09/Apr/2023 13:11:01] "GET /login/?next=/product/ HTTP/1.1" 200 3746
[09/Apr/2023 13:11:03] "GET //product_detail/1/ HTTP/1.1" 302 0
[09/Apr/2023 13:11:03] "GET /product/ HTTP/1.1" 302 0
[09/Apr/2023 13:11:03] "GET /login/?next=/product/ HTTP/1.1" 200 3746
[09/Apr/2023 13:11:03] "GET / HTTP/1.1" 302 0
[09/Apr/2023 13:11:06] "GET //product_detail/1/ HTTP/1.1" 302 0
[09/Apr/2023 13:11:06] "GET /product/ HTTP/1.1" 302 0
[09/Apr/2023 13:11:06] "GET /login/?next=/product/ HTTP/1.1" 200 3746
[09/Apr/2023 13:11:16] "GET / HTTP/1.1" 302 0
[09/Apr/2023 13:11:22] "GET / HTTP/1.1" 302 0
[09/Apr/2023 13:11:24] "GET /logout/ HTTP/1.1" 302 0
[09/Apr/2023 13:11:24] "GET /login/ HTTP/1.1" 200 3746
[09/Apr/2023 13:11:33] "POST /login/ HTTP/1.1" 302 0
[09/Apr/2023 13:11:33] "GET / HTTP/1.1" 302 0
[09/Apr/2023 13:11:33] "GET /product/ HTTP/1.1" 200 10246
[09/Apr/2023 13:11:45] "GET /logout/ HTTP/1.1" 302 0
[09/Apr/2023 13:11:45] "GET /login/ HTTP/1.1" 200 3746
[09/Apr/2023 13:11:46] "GET / HTTP/1.1" 302 0
[09/Apr/2023 13:11:52] "GET / HTTP/1.1" 302 0
Forbidden (CSRF cookie not set.): /login/
[09/Apr/2023 13:12:03] "POST //login/ HTTP/1.1" 403 2870
[09/Apr/2023 13:12:03] "GET //product_detail/1/ HTTP/1.1" 302 0
[09/Apr/2023 13:12:03] "GET /product/ HTTP/1.1" 302 0
[09/Apr/2023 13:12:03] "GET /login/?next=/product/ HTTP/1.1" 200 3746
[09/Apr/2023 13:12:03] "GET / HTTP/1.1" 302 0
[09/Apr/2023 13:12:05] "GET //product_detail/1/ HTTP/1.1" 302 0
[09/Apr/2023 13:12:05] "GET /product/ HTTP/1.1" 302 0
[09/Apr/2023 13:12:05] "GET /login/?next=/product/ HTTP/1.1" 200 3746
[09/Apr/2023 13:12:08] "GET //product_detail/1/ HTTP/1.1" 302 0
[09/Apr/2023 13:12:08] "GET /product/ HTTP/1.1" 302 0
[09/Apr/2023 13:12:08] "GET /login/?next=/product/ HTTP/1.1" 200 3746
[09/Apr/2023 13:12:11] "GET //product_detail/1/ HTTP/1.1" 302 0
[09/Apr/2023 13:12:11] "GET /product/ HTTP/1.1" 302 0
[09/Apr/2023 13:12:11] "GET /login/?next=/product/ HTTP/1.1" 200 3746
[09/Apr/2023 13:12:16] "GET / HTTP/1.1" 302 0
Not Found: /geoserver/web/
[09/Apr/2023 13:12:16] "GET /geoserver/web/ HTTP/1.1" 404 3955
[09/Apr/2023 13:12:22] "GET / HTTP/1.1" 302 0
[09/Apr/2023 13:12:33] "GET / HTTP/1.1" 302 0
[09/Apr/2023 13:12:46] "GET / HTTP/1.1" 302 0
Internal Server Error: /login
Traceback (most recent call last):
  File "/home/ec2-user/django_order/venv/lib/python3.7/site-packages/django/core/handlers/exception.py", line 47, in inner
    response = get_response(request)
  File "/home/ec2-user/django_order/venv/lib/python3.7/site-packages/django/utils/deprecation.py", line 116, in __call__
    response = self.process_request(request)
  File "/home/ec2-user/django_order/venv/lib/python3.7/site-packages/django/middleware/common.py", line 54, in process_request
    path = self.get_full_path_with_slash(request)
  File "/home/ec2-user/django_order/venv/lib/python3.7/site-packages/django/middleware/common.py", line 95, in get_full_path_with_slash
    'url': request.get_host() + new_path,
RuntimeError: You called this URL via POST, but the URL doesn't end in a slash and you have APPEND_SLASH set. Django can't redirect to the slash URL while maintaining POST data. Change your form to point to 43.200.118.21:8000/login/ (note the trailing slash), or set APPEND_SLASH=False in your Django settings.
[09/Apr/2023 13:12:48] "POST /login HTTP/1.1" 500 66092
[09/Apr/2023 13:12:48] "GET /product_detail/1/ HTTP/1.1" 302 0
[09/Apr/2023 13:12:48] "GET /product/ HTTP/1.1" 302 0
[09/Apr/2023 13:12:48] "GET /login/?next=/product/ HTTP/1.1" 200 3746
[09/Apr/2023 13:12:51] "GET /product_detail/1/ HTTP/1.1" 302 0
[09/Apr/2023 13:12:51] "GET /product/ HTTP/1.1" 302 0
[09/Apr/2023 13:12:51] "GET /login/?next=/product/ HTTP/1.1" 200 3746
[09/Apr/2023 13:12:52] "GET / HTTP/1.1" 302 0
[09/Apr/2023 13:12:52] "GET /product_detail/1/ HTTP/1.1" 302 0
[09/Apr/2023 13:12:52] "GET /product/ HTTP/1.1" 302 0
[09/Apr/2023 13:12:52] "GET /login/?next=/product/ HTTP/1.1" 200 3746
[09/Apr/2023 13:12:56] "GET /product_detail/1/ HTTP/1.1" 302 0
[09/Apr/2023 13:12:56] "GET /product/ HTTP/1.1" 302 0
[09/Apr/2023 13:12:56] "GET /login/?next=/product/ HTTP/1.1" 200 3746
[09/Apr/2023 13:13:03] "GET / HTTP/1.1" 302 0
[09/Apr/2023 13:13:10] "GET /login/ HTTP/1.1" 200 3746
[09/Apr/2023 13:13:16] "GET / HTTP/1.1" 302 0
[09/Apr/2023 13:13:22] "GET / HTTP/1.1" 302 0
[09/Apr/2023 13:13:32] "GET /login HTTP/1.1" 301 0
[09/Apr/2023 13:13:32] "GET /login/ HTTP/1.1" 200 3746
[09/Apr/2023 13:13:33] "GET / HTTP/1.1" 302 0
[09/Apr/2023 13:13:40] code 400, message Bad request version ('\x00\x02\x01\x00\x00+\x00\x07\x06::\x03\x04\x03\x03\x00')
[09/Apr/2023 13:13:40] You're accessing the development server over HTTPS, but it only supports HTTP.

[09/Apr/2023 13:13:40] code 400, message Bad request version ('\x00')
[09/Apr/2023 13:13:40] You're accessing the development server over HTTPS, but it only supports HTTP.

Not Found: /login'
[09/Apr/2023 13:13:41] "GET /login' HTTP/1.1" 404 3950
[09/Apr/2023 13:13:46] "GET / HTTP/1.1" 302 0
[09/Apr/2023 13:13:46] code 400, message Bad request version ('\x00\x12\x00\x10\x04\x03\x08\x04\x04\x01\x05\x03\x08\x05\x05\x01\x08\x06\x06\x01\x00')
[09/Apr/2023 13:13:46] You're accessing the development server over HTTPS, but it only supports HTTP.

[09/Apr/2023 13:13:46] code 400, message Bad request version ('\x00\x14\x00\x12\x04\x03\x08\x04\x04\x01\x05\x03\x08\x05\x05\x01\x08\x06\x06\x01\x02\x01\x00')
[09/Apr/2023 13:13:46] You're accessing the development server over HTTPS, but it only supports HTTP.

[09/Apr/2023 13:13:49] "GET /login HTTP/1.1" 301 0
[09/Apr/2023 13:13:49] "GET /login/ HTTP/1.1" 200 3746
[09/Apr/2023 13:13:52] "GET / HTTP/1.1" 302 0
[09/Apr/2023 13:14:03] "GET / HTTP/1.1" 302 0
[09/Apr/2023 13:14:16] "POST /login/ HTTP/1.1" 200 3758
[09/Apr/2023 13:14:16] "GET / HTTP/1.1" 302 0
[09/Apr/2023 13:14:22] "POST /login/ HTTP/1.1" 200 3758
[09/Apr/2023 13:14:22] "GET / HTTP/1.1" 302 0
[09/Apr/2023 13:14:23] "GET /login/ HTTP/1.1" 200 3746
[09/Apr/2023 13:14:33] "GET / HTTP/1.1" 302 0
[09/Apr/2023 13:14:46] "GET / HTTP/1.1" 302 0
[09/Apr/2023 13:14:52] "GET / HTTP/1.1" 302 0
Internal Server Error: /login
Traceback (most recent call last):
  File "/home/ec2-user/django_order/venv/lib/python3.7/site-packages/django/core/handlers/exception.py", line 47, in inner
    response = get_response(request)
  File "/home/ec2-user/django_order/venv/lib/python3.7/site-packages/django/utils/deprecation.py", line 116, in __call__
    response = self.process_request(request)
  File "/home/ec2-user/django_order/venv/lib/python3.7/site-packages/django/middleware/common.py", line 54, in process_request
    path = self.get_full_path_with_slash(request)
  File "/home/ec2-user/django_order/venv/lib/python3.7/site-packages/django/middleware/common.py", line 95, in get_full_path_with_slash
    'url': request.get_host() + new_path,
RuntimeError: You called this URL via POST, but the URL doesn't end in a slash and you have APPEND_SLASH set. Django can't redirect to the slash URL while maintaining POST data. Change your form to point to 43.200.118.21:8000/login/ (note the trailing slash), or set APPEND_SLASH=False in your Django settings.
[09/Apr/2023 13:14:52] "POST /login HTTP/1.1" 500 66086
[09/Apr/2023 13:14:52] "GET /product_detail/1/ HTTP/1.1" 302 0
[09/Apr/2023 13:14:52] "GET /product/ HTTP/1.1" 302 0
[09/Apr/2023 13:14:52] "GET /login/?next=/product/ HTTP/1.1" 200 3746
[09/Apr/2023 13:14:55] "GET /product_detail/1/ HTTP/1.1" 302 0
[09/Apr/2023 13:14:55] "GET /product/ HTTP/1.1" 302 0
[09/Apr/2023 13:14:55] "GET /login/?next=/product/ HTTP/1.1" 200 3746
[09/Apr/2023 13:14:58] "GET /product_detail/1/ HTTP/1.1" 302 0
[09/Apr/2023 13:14:58] "GET /product/ HTTP/1.1" 302 0
[09/Apr/2023 13:14:58] "GET /login/?next=/product/ HTTP/1.1" 200 3746
[09/Apr/2023 13:15:02] "GET /product_detail/1/ HTTP/1.1" 302 0
[09/Apr/2023 13:15:02] "GET /product/ HTTP/1.1" 302 0
[09/Apr/2023 13:15:02] "GET /login/?next=/product/ HTTP/1.1" 200 3746
[09/Apr/2023 13:15:03] "GET / HTTP/1.1" 302 0
[09/Apr/2023 13:15:05] "GET /product_detail/1/ HTTP/1.1" 302 0
[09/Apr/2023 13:15:05] "GET /product/ HTTP/1.1" 302 0
[09/Apr/2023 13:15:05] "GET /login/?next=/product/ HTTP/1.1" 200 3746
[09/Apr/2023 13:15:16] "GET / HTTP/1.1" 302 0
[09/Apr/2023 13:15:22] "GET / HTTP/1.1" 302 0
[09/Apr/2023 13:15:33] "GET / HTTP/1.1" 302 0
[09/Apr/2023 13:15:46] "GET / HTTP/1.1" 302 0
[09/Apr/2023 13:15:52] "GET / HTTP/1.1" 302 0
[09/Apr/2023 13:16:03] "GET / HTTP/1.1" 302 0
[09/Apr/2023 13:16:16] "GET / HTTP/1.1" 302 0
[09/Apr/2023 13:16:22] "GET / HTTP/1.1" 302 0
[09/Apr/2023 13:16:33] "GET / HTTP/1.1" 302 0
[09/Apr/2023 13:16:46] "GET / HTTP/1.1" 302 0
[09/Apr/2023 13:16:52] "GET / HTTP/1.1" 302 0
[09/Apr/2023 13:17:03] "GET / HTTP/1.1" 302 0
[09/Apr/2023 13:17:16] "GET / HTTP/1.1" 302 0
[09/Apr/2023 13:17:22] "GET / HTTP/1.1" 302 0
[09/Apr/2023 13:17:33] "GET / HTTP/1.1" 302 0
[09/Apr/2023 13:17:46] "GET / HTTP/1.1" 302 0
[09/Apr/2023 13:17:52] "GET / HTTP/1.1" 302 0
[09/Apr/2023 13:18:03] "GET / HTTP/1.1" 302 0
[09/Apr/2023 13:18:16] "GET / HTTP/1.1" 302 0
[09/Apr/2023 13:18:22] "GET / HTTP/1.1" 302 0
[09/Apr/2023 13:18:34] "GET / HTTP/1.1" 302 0
[09/Apr/2023 13:18:46] "GET / HTTP/1.1" 302 0
[09/Apr/2023 13:18:52] "GET / HTTP/1.1" 302 0
[09/Apr/2023 13:19:04] "GET / HTTP/1.1" 302 0
[09/Apr/2023 13:19:16] "GET / HTTP/1.1" 302 0
[09/Apr/2023 13:19:22] "GET / HTTP/1.1" 302 0
[09/Apr/2023 13:19:34] "GET / HTTP/1.1" 302 0
[09/Apr/2023 13:19:47] "GET / HTTP/1.1" 302 0
[09/Apr/2023 13:19:52] "GET / HTTP/1.1" 302 0
[09/Apr/2023 13:20:04] "GET / HTTP/1.1" 302 0
[09/Apr/2023 13:20:17] "GET / HTTP/1.1" 302 0
[09/Apr/2023 13:20:22] "GET / HTTP/1.1" 302 0
[09/Apr/2023 13:20:34] "GET / HTTP/1.1" 302 0
[09/Apr/2023 13:20:36] "GET / HTTP/1.1" 302 0
[09/Apr/2023 13:20:37] "GET /login/?next=/ HTTP/1.1" 200 3746
[09/Apr/2023 13:20:47] "GET / HTTP/1.1" 302 0
[09/Apr/2023 13:20:52] "GET / HTTP/1.1" 302 0
[09/Apr/2023 13:21:04] "GET / HTTP/1.1" 302 0
[09/Apr/2023 13:21:17] "GET / HTTP/1.1" 302 0
[09/Apr/2023 13:21:22] "GET / HTTP/1.1" 302 0
[09/Apr/2023 13:21:34] "GET / HTTP/1.1" 302 0
[09/Apr/2023 13:21:47] "GET / HTTP/1.1" 302 0
[09/Apr/2023 13:21:52] "GET / HTTP/1.1" 302 0
[09/Apr/2023 13:22:04] "GET / HTTP/1.1" 302 0
[09/Apr/2023 13:22:17] "GET / HTTP/1.1" 302 0
[09/Apr/2023 13:22:22] "GET / HTTP/1.1" 302 0
[09/Apr/2023 13:22:34] "GET / HTTP/1.1" 302 0
[09/Apr/2023 13:22:47] "GET / HTTP/1.1" 302 0
[09/Apr/2023 13:22:52] "GET / HTTP/1.1" 302 0
[09/Apr/2023 13:23:04] "GET / HTTP/1.1" 302 0
[09/Apr/2023 13:23:08] "GET /admin/ HTTP/1.1" 302 0
[09/Apr/2023 13:23:08] "GET /admin/login/?next=/admin/ HTTP/1.1" 200 2218
[09/Apr/2023 13:23:08] "GET /static/admin/css/base.css HTTP/1.1" 200 19513
[09/Apr/2023 13:23:08] "GET /static/admin/css/nav_sidebar.css HTTP/1.1" 200 2271
[09/Apr/2023 13:23:08] "GET /static/admin/css/login.css HTTP/1.1" 200 939
[09/Apr/2023 13:23:08] "GET /static/admin/css/responsive.css HTTP/1.1" 200 18545
[09/Apr/2023 13:23:08] "GET /static/admin/css/fonts.css HTTP/1.1" 200 423
[09/Apr/2023 13:23:08] "GET /static/admin/js/nav_sidebar.js HTTP/1.1" 200 1360
[09/Apr/2023 13:23:08] "GET /static/admin/fonts/Roboto-Regular-webfont.woff HTTP/1.1" 200 85876
[09/Apr/2023 13:23:08] "GET /static/admin/fonts/Roboto-Light-webfont.woff HTTP/1.1" 200 85692
[09/Apr/2023 13:23:17] "GET / HTTP/1.1" 302 0
[09/Apr/2023 13:23:22] "GET / HTTP/1.1" 302 0
[09/Apr/2023 13:23:34] "GET / HTTP/1.1" 302 0
[09/Apr/2023 13:23:36] "POST /admin/login/?next=/admin/ HTTP/1.1" 302 0
[09/Apr/2023 13:23:36] "GET /admin/ HTTP/1.1" 200 4248
[09/Apr/2023 13:23:36] "GET /static/admin/css/base.css HTTP/1.1" 200 19513
[09/Apr/2023 13:23:36] "GET /static/admin/css/nav_sidebar.css HTTP/1.1" 200 2271
[09/Apr/2023 13:23:36] "GET /static/admin/css/dashboard.css HTTP/1.1" 200 380
[09/Apr/2023 13:23:36] "GET /static/admin/css/responsive.css HTTP/1.1" 200 18545
[09/Apr/2023 13:23:36] "GET /static/admin/css/fonts.css HTTP/1.1" 200 423
[09/Apr/2023 13:23:36] "GET /static/admin/js/nav_sidebar.js HTTP/1.1" 200 1360
[09/Apr/2023 13:23:36] "GET /static/admin/img/icon-addlink.svg HTTP/1.1" 200 331
[09/Apr/2023 13:23:36] "GET /static/admin/img/icon-changelink.svg HTTP/1.1" 200 380
[09/Apr/2023 13:23:36] "GET /static/admin/img/icon-deletelink.svg HTTP/1.1" 200 392
[09/Apr/2023 13:23:36] "GET /static/admin/fonts/Roboto-Light-webfont.woff HTTP/1.1" 200 85692
[09/Apr/2023 13:23:36] "GET /static/admin/fonts/Roboto-Regular-webfont.woff HTTP/1.1" 200 85876
[09/Apr/2023 13:23:36] "GET /static/admin/fonts/Roboto-Bold-webfont.woff HTTP/1.1" 200 86184
[09/Apr/2023 13:23:42] "GET /admin/logout/ HTTP/1.1" 200 1533
[09/Apr/2023 13:23:47] "GET / HTTP/1.1" 302 0
[09/Apr/2023 13:23:52] "GET / HTTP/1.1" 302 0
[09/Apr/2023 13:24:04] "GET / HTTP/1.1" 302 0
[09/Apr/2023 13:24:17] "GET / HTTP/1.1" 302 0
[09/Apr/2023 13:24:22] "GET / HTTP/1.1" 302 0
Forbidden (CSRF cookie not set.): /admin/login/
[09/Apr/2023 13:24:27] "POST /admin/login/?next=/admin/ HTTP/1.1" 403 2870
[09/Apr/2023 13:24:27] "GET /product_detail/1/ HTTP/1.1" 302 0
[09/Apr/2023 13:24:27] "GET /product/ HTTP/1.1" 302 0
[09/Apr/2023 13:24:27] "GET /login/?next=/product/ HTTP/1.1" 200 3746
Not Found: /Core/Skin/Login.aspx
[09/Apr/2023 13:24:31] "HEAD /Core/Skin/Login.aspx HTTP/1.1" 404 3974
[09/Apr/2023 13:24:32] "GET /product_detail/1/ HTTP/1.1" 302 0
[09/Apr/2023 13:24:32] "GET /product/ HTTP/1.1" 302 0
[09/Apr/2023 13:24:32] "GET /login/?next=/product/ HTTP/1.1" 200 3746
[09/Apr/2023 13:24:34] "GET / HTTP/1.1" 302 0
[09/Apr/2023 13:24:37] "GET /product_detail/1/ HTTP/1.1" 302 0
[09/Apr/2023 13:24:37] "GET /product/ HTTP/1.1" 302 0
[09/Apr/2023 13:24:37] "GET /login/?next=/product/ HTTP/1.1" 200 3746
[09/Apr/2023 13:24:47] "GET / HTTP/1.1" 302 0
[09/Apr/2023 13:24:52] "GET / HTTP/1.1" 302 0
[09/Apr/2023 13:25:04] "GET / HTTP/1.1" 302 0
[09/Apr/2023 13:25:17] "GET / HTTP/1.1" 302 0
[09/Apr/2023 13:25:22] "GET / HTTP/1.1" 302 0
Forbidden (CSRF cookie not set.): /admin/login/
[09/Apr/2023 13:25:24] "POST /admin/login/?next=/admin HTTP/1.1" 403 2870
[09/Apr/2023 13:25:24] "GET /product_detail/1/ HTTP/1.1" 302 0
[09/Apr/2023 13:25:24] "GET /product/ HTTP/1.1" 302 0
[09/Apr/2023 13:25:24] "GET /login/?next=/product/ HTTP/1.1" 200 3746
[09/Apr/2023 13:25:26] "GET /product_detail/1/ HTTP/1.1" 302 0
[09/Apr/2023 13:25:26] "GET /product/ HTTP/1.1" 302 0
[09/Apr/2023 13:25:26] "GET /login/?next=/product/ HTTP/1.1" 200 3746
[09/Apr/2023 13:25:28] "GET /product_detail/1/ HTTP/1.1" 302 0
[09/Apr/2023 13:25:28] "GET /product/ HTTP/1.1" 302 0
[09/Apr/2023 13:25:28] "GET /login/?next=/product/ HTTP/1.1" 200 3746
[09/Apr/2023 13:25:29] "GET /product_detail/1/ HTTP/1.1" 302 0
[09/Apr/2023 13:25:29] "GET /product/ HTTP/1.1" 302 0
[09/Apr/2023 13:25:29] "GET /login/?next=/product/ HTTP/1.1" 200 3746
[09/Apr/2023 13:25:34] "GET /product_detail/1/ HTTP/1.1" 302 0
[09/Apr/2023 13:25:34] "GET /product/ HTTP/1.1" 302 0
[09/Apr/2023 13:25:34] "GET /login/?next=/product/ HTTP/1.1" 200 3746
[09/Apr/2023 13:25:34] "GET / HTTP/1.1" 302 0
[09/Apr/2023 13:25:47] "GET / HTTP/1.1" 302 0
[09/Apr/2023 13:25:52] "GET / HTTP/1.1" 302 0
[09/Apr/2023 13:26:04] "GET / HTTP/1.1" 302 0
[09/Apr/2023 13:26:17] "GET / HTTP/1.1" 302 0
[09/Apr/2023 13:26:22] "GET / HTTP/1.1" 302 0
Forbidden (CSRF cookie not set.): /admin/login/
[09/Apr/2023 13:26:33] "POST /admin/login/?next=/admin HTTP/1.1" 403 2870
[09/Apr/2023 13:26:33] "GET /product_detail/1/ HTTP/1.1" 302 0
[09/Apr/2023 13:26:33] "GET /product/ HTTP/1.1" 302 0
[09/Apr/2023 13:26:33] "GET /login/?next=/product/ HTTP/1.1" 200 3746
[09/Apr/2023 13:26:34] "GET / HTTP/1.1" 302 0
[09/Apr/2023 13:26:36] "GET /product_detail/1/ HTTP/1.1" 302 0
[09/Apr/2023 13:26:36] "GET /product/ HTTP/1.1" 302 0
[09/Apr/2023 13:26:37] "GET /login/?next=/product/ HTTP/1.1" 200 3746
[09/Apr/2023 13:26:41] "GET /product_detail/1/ HTTP/1.1" 302 0
[09/Apr/2023 13:26:41] "GET /product/ HTTP/1.1" 302 0
[09/Apr/2023 13:26:41] "GET /login/?next=/product/ HTTP/1.1" 200 3746
[09/Apr/2023 13:26:44] "GET /product_detail/1/ HTTP/1.1" 302 0
[09/Apr/2023 13:26:44] "GET /product/ HTTP/1.1" 302 0
[09/Apr/2023 13:26:44] "GET /login/?next=/product/ HTTP/1.1" 200 3746
[09/Apr/2023 13:26:47] "GET / HTTP/1.1" 302 0
[09/Apr/2023 13:26:49] "GET /product_detail/1/ HTTP/1.1" 302 0
[09/Apr/2023 13:26:49] "GET /product/ HTTP/1.1" 302 0
[09/Apr/2023 13:26:49] "GET /login/?next=/product/ HTTP/1.1" 200 3746
[09/Apr/2023 13:26:52] "GET / HTTP/1.1" 302 0
[09/Apr/2023 13:27:04] "GET / HTTP/1.1" 302 0
[09/Apr/2023 13:27:17] "GET / HTTP/1.1" 302 0
[09/Apr/2023 13:27:22] "GET / HTTP/1.1" 302 0
Forbidden (CSRF cookie not set.): /admin/login/
[09/Apr/2023 13:27:25] "POST /admin/login/?next=/admin HTTP/1.1" 403 2870
[09/Apr/2023 13:27:25] "GET /product_detail/1/ HTTP/1.1" 302 0
[09/Apr/2023 13:27:25] "GET /product/ HTTP/1.1" 302 0
[09/Apr/2023 13:27:25] "GET /login/?next=/product/ HTTP/1.1" 200 3746
[09/Apr/2023 13:27:29] "GET /product_detail/1/ HTTP/1.1" 302 0
[09/Apr/2023 13:27:29] "GET /product/ HTTP/1.1" 302 0
[09/Apr/2023 13:27:29] "GET /login/?next=/product/ HTTP/1.1" 200 3746
[09/Apr/2023 13:27:33] "GET /product_detail/1/ HTTP/1.1" 302 0
[09/Apr/2023 13:27:33] "GET /product/ HTTP/1.1" 302 0
[09/Apr/2023 13:27:33] "GET /login/?next=/product/ HTTP/1.1" 200 3746
[09/Apr/2023 13:27:34] "GET / HTTP/1.1" 302 0
[09/Apr/2023 13:27:36] "GET /product_detail/1/ HTTP/1.1" 302 0
[09/Apr/2023 13:27:36] "GET /product/ HTTP/1.1" 302 0
[09/Apr/2023 13:27:36] "GET /login/?next=/product/ HTTP/1.1" 200 3746
[09/Apr/2023 13:27:40] "GET /product_detail/1/ HTTP/1.1" 302 0
[09/Apr/2023 13:27:40] "GET /product/ HTTP/1.1" 302 0
[09/Apr/2023 13:27:40] "GET /login/?next=/product/ HTTP/1.1" 200 3746
[09/Apr/2023 13:27:43] "GET /product_detail/1/ HTTP/1.1" 302 0
[09/Apr/2023 13:27:43] "GET /product/ HTTP/1.1" 302 0
[09/Apr/2023 13:27:43] "GET /login/?next=/product/ HTTP/1.1" 200 3746
[09/Apr/2023 13:27:47] "GET / HTTP/1.1" 302 0
[09/Apr/2023 13:27:48] "GET /product_detail/1/ HTTP/1.1" 302 0
[09/Apr/2023 13:27:48] "GET /product/ HTTP/1.1" 302 0
[09/Apr/2023 13:27:48] "GET /login/?next=/product/ HTTP/1.1" 200 3746
[09/Apr/2023 13:27:50] "GET /product_detail/1/ HTTP/1.1" 302 0
[09/Apr/2023 13:27:50] "GET /product/ HTTP/1.1" 302 0
[09/Apr/2023 13:27:50] "GET /login/?next=/product/ HTTP/1.1" 200 3746
[09/Apr/2023 13:27:52] "GET /product_detail/1/ HTTP/1.1" 302 0
[09/Apr/2023 13:27:52] "GET /product/ HTTP/1.1" 302 0
[09/Apr/2023 13:27:52] "GET /login/?next=/product/ HTTP/1.1" 200 3746
[09/Apr/2023 13:27:52] "GET / HTTP/1.1" 302 0
[09/Apr/2023 13:27:57] "GET /product_detail/1/ HTTP/1.1" 302 0
[09/Apr/2023 13:27:57] "GET /product/ HTTP/1.1" 302 0
[09/Apr/2023 13:27:57] "GET /login/?next=/product/ HTTP/1.1" 200 3746
[09/Apr/2023 13:28:00] "GET /product_detail/1/ HTTP/1.1" 302 0
[09/Apr/2023 13:28:00] "GET /product/ HTTP/1.1" 302 0
[09/Apr/2023 13:28:00] "GET /login/?next=/product/ HTTP/1.1" 200 3746
[09/Apr/2023 13:28:04] "GET / HTTP/1.1" 302 0
[09/Apr/2023 13:28:04] "GET /admin/login/?next=/admin HTTP/1.1" 200 2216
[09/Apr/2023 13:28:05] "GET /product_detail/1/ HTTP/1.1" 302 0
[09/Apr/2023 13:28:05] "GET /product/ HTTP/1.1" 302 0
[09/Apr/2023 13:28:05] "GET /login/?next=/product/ HTTP/1.1" 200 3746
[09/Apr/2023 13:28:06] "GET /product_detail/1/ HTTP/1.1" 302 0
[09/Apr/2023 13:28:06] "GET /product/ HTTP/1.1" 302 0
[09/Apr/2023 13:28:06] "GET /login/?next=/product/ HTTP/1.1" 200 3746
[09/Apr/2023 13:28:09] "GET /product_detail/1/ HTTP/1.1" 302 0
[09/Apr/2023 13:28:09] "GET /product/ HTTP/1.1" 302 0
[09/Apr/2023 13:28:09] "GET /login/?next=/product/ HTTP/1.1" 200 3746
[09/Apr/2023 13:28:17] "GET / HTTP/1.1" 302 0
[09/Apr/2023 13:28:22] "GET / HTTP/1.1" 302 0
Forbidden (CSRF cookie not set.): /admin/login/
[09/Apr/2023 13:28:32] "POST /admin/login/?next=/admin HTTP/1.1" 403 2870
[09/Apr/2023 13:28:32] "GET /product_detail/1/ HTTP/1.1" 302 0
[09/Apr/2023 13:28:32] "GET /product/ HTTP/1.1" 302 0
[09/Apr/2023 13:28:32] "GET /login/?next=/product/ HTTP/1.1" 200 3746
[09/Apr/2023 13:28:34] "GET / HTTP/1.1" 302 0
[09/Apr/2023 13:28:36] "GET /product_detail/1/ HTTP/1.1" 302 0
[09/Apr/2023 13:28:36] "GET /product/ HTTP/1.1" 302 0
[09/Apr/2023 13:28:36] "GET /login/?next=/product/ HTTP/1.1" 200 3746
[09/Apr/2023 13:28:38] "GET /product_detail/1/ HTTP/1.1" 302 0
[09/Apr/2023 13:28:38] "GET /product/ HTTP/1.1" 302 0
[09/Apr/2023 13:28:38] "GET /login/?next=/product/ HTTP/1.1" 200 3746
[09/Apr/2023 13:28:42] "GET /product_detail/1/ HTTP/1.1" 302 0
[09/Apr/2023 13:28:42] "GET /product/ HTTP/1.1" 302 0
[09/Apr/2023 13:28:42] "GET /login/?next=/product/ HTTP/1.1" 200 3746
[09/Apr/2023 13:28:44] "GET /product_detail/1/ HTTP/1.1" 302 0
[09/Apr/2023 13:28:44] "GET /product/ HTTP/1.1" 302 0
[09/Apr/2023 13:28:44] "GET /login/?next=/product/ HTTP/1.1" 200 3746
[09/Apr/2023 13:28:47] "GET / HTTP/1.1" 302 0
[09/Apr/2023 13:28:47] "GET /product_detail/1/ HTTP/1.1" 302 0
[09/Apr/2023 13:28:47] "GET /product/ HTTP/1.1" 302 0
[09/Apr/2023 13:28:47] "GET /login/?next=/product/ HTTP/1.1" 200 3746
[09/Apr/2023 13:28:50] "GET /product_detail/1/ HTTP/1.1" 302 0
[09/Apr/2023 13:28:50] "GET /product/ HTTP/1.1" 302 0
[09/Apr/2023 13:28:50] "GET /login/?next=/product/ HTTP/1.1" 200 3746
[09/Apr/2023 13:28:52] "GET /product_detail/1/ HTTP/1.1" 302 0
[09/Apr/2023 13:28:52] "GET /product/ HTTP/1.1" 302 0
[09/Apr/2023 13:28:52] "GET /login/?next=/product/ HTTP/1.1" 200 3746
[09/Apr/2023 13:28:52] "GET / HTTP/1.1" 302 0
[09/Apr/2023 13:28:54] "GET /product_detail/1/ HTTP/1.1" 302 0
[09/Apr/2023 13:28:54] "GET /product/ HTTP/1.1" 302 0
[09/Apr/2023 13:28:54] "GET /login/?next=/product/ HTTP/1.1" 200 3746
[09/Apr/2023 13:28:56] "GET /product_detail/1/ HTTP/1.1" 302 0
[09/Apr/2023 13:28:56] "GET /product/ HTTP/1.1" 302 0
[09/Apr/2023 13:28:56] "GET /login/?next=/product/ HTTP/1.1" 200 3746
[09/Apr/2023 13:28:58] "GET /product_detail/1/ HTTP/1.1" 302 0
[09/Apr/2023 13:28:58] "GET /product/ HTTP/1.1" 302 0
[09/Apr/2023 13:28:58] "GET /login/?next=/product/ HTTP/1.1" 200 3746
[09/Apr/2023 13:29:04] "GET / HTTP/1.1" 302 0
Forbidden (CSRF cookie not set.): /admin/login/
[09/Apr/2023 13:29:16] "POST /admin/login/?next=/admin HTTP/1.1" 403 2870
[09/Apr/2023 13:29:16] "GET /product_detail/1/ HTTP/1.1" 302 0
[09/Apr/2023 13:29:16] "GET /product/ HTTP/1.1" 302 0
[09/Apr/2023 13:29:16] "GET /login/?next=/product/ HTTP/1.1" 200 3746
[09/Apr/2023 13:29:17] "GET / HTTP/1.1" 302 0
[09/Apr/2023 13:29:19] "GET /product_detail/1/ HTTP/1.1" 302 0
[09/Apr/2023 13:29:19] "GET /product/ HTTP/1.1" 302 0
[09/Apr/2023 13:29:19] "GET /login/?next=/product/ HTTP/1.1" 200 3746
[09/Apr/2023 13:29:22] "GET / HTTP/1.1" 302 0
[09/Apr/2023 13:29:23] "GET /product_detail/1/ HTTP/1.1" 302 0
[09/Apr/2023 13:29:23] "GET /product/ HTTP/1.1" 302 0
[09/Apr/2023 13:29:23] "GET /login/?next=/product/ HTTP/1.1" 200 3746
[09/Apr/2023 13:29:34] "GET / HTTP/1.1" 302 0
Forbidden (CSRF cookie not set.): /admin/login/
[09/Apr/2023 13:29:35] "POST /admin/login/?next=/admin HTTP/1.1" 403 2870
[09/Apr/2023 13:29:35] "GET /product_detail/1/ HTTP/1.1" 302 0
[09/Apr/2023 13:29:35] "GET /product/ HTTP/1.1" 302 0
[09/Apr/2023 13:29:35] "GET /login/?next=/product/ HTTP/1.1" 200 3746
[09/Apr/2023 13:29:37] "GET /product_detail/1/ HTTP/1.1" 302 0
[09/Apr/2023 13:29:37] "GET /product/ HTTP/1.1" 302 0
[09/Apr/2023 13:29:37] "GET /login/?next=/product/ HTTP/1.1" 200 3746
[09/Apr/2023 13:29:47] "GET / HTTP/1.1" 302 0
[09/Apr/2023 13:29:52] "GET / HTTP/1.1" 302 0
[09/Apr/2023 13:30:04] "GET / HTTP/1.1" 302 0
[09/Apr/2023 13:30:17] "GET / HTTP/1.1" 302 0
[09/Apr/2023 13:30:22] "GET / HTTP/1.1" 302 0
[09/Apr/2023 13:30:34] "GET / HTTP/1.1" 302 0
[09/Apr/2023 13:30:47] "GET / HTTP/1.1" 302 0
[09/Apr/2023 13:30:52] "GET / HTTP/1.1" 302 0
[09/Apr/2023 13:30:56] "GET / HTTP/1.1" 302 0
[09/Apr/2023 13:30:56] "GET /login/?next=/ HTTP/1.1" 200 3746
[09/Apr/2023 13:30:56] "POST /admin/login/?next=/admin HTTP/1.1" 200 2395
[09/Apr/2023 13:30:56] "GET /product_detail/1/ HTTP/1.1" 302 0
[09/Apr/2023 13:30:56] "GET /product/ HTTP/1.1" 302 0
[09/Apr/2023 13:30:56] "GET /login/?next=/product/ HTTP/1.1" 200 3746
[09/Apr/2023 13:30:59] "GET /product_detail/1/ HTTP/1.1" 302 0
[09/Apr/2023 13:30:59] "GET /product/ HTTP/1.1" 302 0
[09/Apr/2023 13:30:59] "GET /login/?next=/product/ HTTP/1.1" 200 3746
[09/Apr/2023 13:31:01] "GET /product_detail/1/ HTTP/1.1" 302 0
[09/Apr/2023 13:31:01] "GET /product/ HTTP/1.1" 302 0
[09/Apr/2023 13:31:01] "GET /login/?next=/product/ HTTP/1.1" 200 3746
[09/Apr/2023 13:31:02] "GET /product_detail/1/ HTTP/1.1" 302 0
[09/Apr/2023 13:31:02] "GET /product/ HTTP/1.1" 302 0
[09/Apr/2023 13:31:02] "GET /login/?next=/product/ HTTP/1.1" 200 3746
[09/Apr/2023 13:31:04] "GET /product_detail/1/ HTTP/1.1" 302 0
[09/Apr/2023 13:31:04] "GET /product/ HTTP/1.1" 302 0
[09/Apr/2023 13:31:04] "GET /login/?next=/product/ HTTP/1.1" 200 3746
[09/Apr/2023 13:31:04] "GET / HTTP/1.1" 302 0
[09/Apr/2023 13:31:09] "GET /product_detail/1/ HTTP/1.1" 302 0
[09/Apr/2023 13:31:09] "GET /product/ HTTP/1.1" 302 0
[09/Apr/2023 13:31:09] "GET /login/?next=/product/ HTTP/1.1" 200 3746
[09/Apr/2023 13:31:10] "GET /product_detail/1/ HTTP/1.1" 302 0
[09/Apr/2023 13:31:10] "GET /product/ HTTP/1.1" 302 0
[09/Apr/2023 13:31:11] "GET /login/?next=/product/ HTTP/1.1" 200 3746
[09/Apr/2023 13:31:13] "GET /product_detail/1/ HTTP/1.1" 302 0
[09/Apr/2023 13:31:13] "GET /product/ HTTP/1.1" 302 0
[09/Apr/2023 13:31:13] "GET /login/?next=/product/ HTTP/1.1" 200 3746
[09/Apr/2023 13:31:17] "GET / HTTP/1.1" 302 0
[09/Apr/2023 13:31:17] "GET /product_detail/1/ HTTP/1.1" 302 0
[09/Apr/2023 13:31:17] "GET /product/ HTTP/1.1" 302 0
[09/Apr/2023 13:31:17] "GET /login/?next=/product/ HTTP/1.1" 200 3746
[09/Apr/2023 13:31:21] "GET /product_detail/1/ HTTP/1.1" 302 0
[09/Apr/2023 13:31:21] "GET /product/ HTTP/1.1" 302 0
[09/Apr/2023 13:31:21] "GET /login/?next=/product/ HTTP/1.1" 200 3746
[09/Apr/2023 13:31:23] "GET / HTTP/1.1" 302 0
[09/Apr/2023 13:31:34] "GET / HTTP/1.1" 302 0
[09/Apr/2023 13:31:47] "GET / HTTP/1.1" 302 0
[09/Apr/2023 13:31:53] "GET / HTTP/1.1" 302 0
[09/Apr/2023 13:32:04] "GET / HTTP/1.1" 302 0
[09/Apr/2023 13:32:17] "GET / HTTP/1.1" 302 0
[09/Apr/2023 13:32:23] "GET / HTTP/1.1" 302 0
[09/Apr/2023 13:32:34] "GET / HTTP/1.1" 302 0
[09/Apr/2023 13:32:47] "GET / HTTP/1.1" 302 0
[09/Apr/2023 13:32:53] "GET / HTTP/1.1" 302 0
[09/Apr/2023 13:32:57] "GET / HTTP/1.1" 302 0
[09/Apr/2023 13:32:57] "GET /login/?next=/ HTTP/1.1" 200 3746
[09/Apr/2023 13:33:04] "GET / HTTP/1.1" 302 0
[09/Apr/2023 13:33:17] "GET / HTTP/1.1" 302 0
[09/Apr/2023 13:33:23] "GET / HTTP/1.1" 302 0
[09/Apr/2023 13:33:34] "GET / HTTP/1.1" 302 0
[09/Apr/2023 13:33:47] "GET / HTTP/1.1" 302 0
[09/Apr/2023 13:33:53] "GET / HTTP/1.1" 302 0
[09/Apr/2023 13:34:04] "GET / HTTP/1.1" 302 0
[09/Apr/2023 13:34:17] "GET / HTTP/1.1" 302 0
[09/Apr/2023 13:34:23] "GET / HTTP/1.1" 302 0
[09/Apr/2023 13:34:34] "GET / HTTP/1.1" 302 0
[09/Apr/2023 13:34:47] "GET / HTTP/1.1" 302 0
[09/Apr/2023 13:34:53] "GET / HTTP/1.1" 302 0
[09/Apr/2023 13:35:04] "GET / HTTP/1.1" 302 0
[09/Apr/2023 13:35:17] "GET / HTTP/1.1" 302 0
[09/Apr/2023 13:35:23] "GET / HTTP/1.1" 302 0
[09/Apr/2023 13:35:34] "GET / HTTP/1.1" 302 0
[09/Apr/2023 13:35:36] "GET / HTTP/1.1" 302 0
[09/Apr/2023 13:35:36] "GET /login/?next=/ HTTP/1.1" 200 3746
[09/Apr/2023 13:35:36] "POST /admin/login/?next=/admin HTTP/1.1" 200 2395
[09/Apr/2023 13:35:47] "GET / HTTP/1.1" 302 0
[09/Apr/2023 13:35:53] "GET / HTTP/1.1" 302 0
[09/Apr/2023 13:36:04] "GET / HTTP/1.1" 302 0
[09/Apr/2023 13:36:15] "GET / HTTP/1.1" 302 0
[09/Apr/2023 13:36:15] "GET /login/?next=/ HTTP/1.1" 200 3746
[09/Apr/2023 13:36:15] "POST /admin/login/?next=/admin HTTP/1.1" 200 2395
[09/Apr/2023 13:36:17] "GET / HTTP/1.1" 302 0
[09/Apr/2023 13:36:23] "GET / HTTP/1.1" 302 0
[09/Apr/2023 13:36:34] "GET / HTTP/1.1" 302 0
[09/Apr/2023 13:36:47] "GET / HTTP/1.1" 302 0
[09/Apr/2023 13:36:53] "GET / HTTP/1.1" 302 0
[09/Apr/2023 13:37:04] "GET / HTTP/1.1" 302 0
[09/Apr/2023 13:37:17] "GET / HTTP/1.1" 302 0
[09/Apr/2023 13:37:23] "GET / HTTP/1.1" 302 0
[09/Apr/2023 13:37:34] "GET / HTTP/1.1" 302 0
[09/Apr/2023 13:37:47] "GET / HTTP/1.1" 302 0
[09/Apr/2023 13:37:53] "GET / HTTP/1.1" 302 0
[09/Apr/2023 13:38:04] "GET / HTTP/1.1" 302 0
[09/Apr/2023 13:38:17] "GET / HTTP/1.1" 302 0
[09/Apr/2023 13:38:23] "GET / HTTP/1.1" 302 0
[09/Apr/2023 13:38:23] "GET /login/?next=/ HTTP/1.1" 200 3746
[09/Apr/2023 13:38:23] "GET / HTTP/1.1" 302 0
Forbidden (CSRF token missing or incorrect.): /admin/login/
[09/Apr/2023 13:38:23] "POST /admin/login/?next=/admin HTTP/1.1" 403 2519
[09/Apr/2023 13:38:34] "GET / HTTP/1.1" 302 0
[09/Apr/2023 13:38:41] "GET / HTTP/1.1" 302 0
[09/Apr/2023 13:38:41] "GET /login/?next=/ HTTP/1.1" 200 3746
[09/Apr/2023 13:38:41] "POST /admin/login/?next=/admin HTTP/1.1" 200 2395
[09/Apr/2023 13:38:47] "GET / HTTP/1.1" 302 0
[09/Apr/2023 13:38:53] "GET / HTTP/1.1" 302 0
[09/Apr/2023 13:39:04] "GET / HTTP/1.1" 302 0
[09/Apr/2023 13:39:06] "GET / HTTP/1.1" 302 0
[09/Apr/2023 13:39:06] "GET /login/?next=/ HTTP/1.1" 200 3746
[09/Apr/2023 13:39:06] "POST /admin/login/?next=/admin HTTP/1.1" 200 2395
[09/Apr/2023 13:39:17] "GET / HTTP/1.1" 302 0
[09/Apr/2023 13:39:23] "GET / HTTP/1.1" 302 0
[09/Apr/2023 13:39:35] "GET / HTTP/1.1" 302 0
[09/Apr/2023 13:39:48] "GET / HTTP/1.1" 302 0
[09/Apr/2023 13:39:53] "GET / HTTP/1.1" 302 0
[09/Apr/2023 13:40:05] "GET / HTTP/1.1" 302 0
[09/Apr/2023 13:40:18] "GET / HTTP/1.1" 302 0
[09/Apr/2023 13:40:23] "GET / HTTP/1.1" 302 0
[09/Apr/2023 13:40:35] "GET / HTTP/1.1" 302 0
[09/Apr/2023 13:40:48] "GET / HTTP/1.1" 302 0
[09/Apr/2023 13:40:53] "GET / HTTP/1.1" 302 0
[09/Apr/2023 13:41:05] "GET / HTTP/1.1" 302 0
[09/Apr/2023 13:41:06] "GET / HTTP/1.1" 302 0
[09/Apr/2023 13:41:06] "GET /login/?next=/ HTTP/1.1" 200 3746
[09/Apr/2023 13:41:06] "POST /admin/login/?next=/admin HTTP/1.1" 200 2395
[09/Apr/2023 13:41:18] "GET / HTTP/1.1" 302 0
[09/Apr/2023 13:41:23] "GET / HTTP/1.1" 302 0
[09/Apr/2023 13:41:35] "GET / HTTP/1.1" 302 0
[09/Apr/2023 13:41:48] "GET / HTTP/1.1" 302 0
[09/Apr/2023 13:41:53] "GET / HTTP/1.1" 302 0
[09/Apr/2023 13:42:05] "GET / HTTP/1.1" 302 0
Not Found: /.env
[09/Apr/2023 13:42:05] "GET /.env HTTP/1.1" 404 3925
Forbidden (CSRF cookie not set.): /
[09/Apr/2023 13:42:06] "POST / HTTP/1.1" 403 2870
[09/Apr/2023 13:42:18] "GET / HTTP/1.1" 302 0
[09/Apr/2023 13:42:23] "GET / HTTP/1.1" 302 0
[09/Apr/2023 13:42:35] "GET / HTTP/1.1" 302 0
[09/Apr/2023 13:42:48] "GET / HTTP/1.1" 302 0
[09/Apr/2023 13:42:53] "GET / HTTP/1.1" 302 0
[09/Apr/2023 13:43:05] "GET / HTTP/1.1" 302 0
[09/Apr/2023 13:43:18] "GET / HTTP/1.1" 302 0
[09/Apr/2023 13:43:23] "GET / HTTP/1.1" 302 0
[09/Apr/2023 13:43:35] "GET / HTTP/1.1" 302 0
[09/Apr/2023 13:43:48] "GET / HTTP/1.1" 302 0
[09/Apr/2023 13:43:53] "GET / HTTP/1.1" 302 0
[09/Apr/2023 13:44:05] "GET / HTTP/1.1" 302 0
[09/Apr/2023 13:44:18] "GET / HTTP/1.1" 302 0
[09/Apr/2023 13:44:23] "GET / HTTP/1.1" 302 0
[09/Apr/2023 13:44:35] "GET / HTTP/1.1" 302 0
[09/Apr/2023 13:44:36] "GET /admin/login/?next=/admin HTTP/1.1" 200 2216
[09/Apr/2023 13:44:48] "GET / HTTP/1.1" 302 0
[09/Apr/2023 13:44:53] "GET / HTTP/1.1" 302 0
[09/Apr/2023 13:45:05] "GET / HTTP/1.1" 302 0
[09/Apr/2023 13:45:18] "GET / HTTP/1.1" 302 0
[09/Apr/2023 13:45:23] "GET / HTTP/1.1" 302 0
[09/Apr/2023 13:45:35] "GET / HTTP/1.1" 302 0
[09/Apr/2023 13:45:48] "GET / HTTP/1.1" 302 0
[09/Apr/2023 13:45:53] "GET / HTTP/1.1" 302 0
[09/Apr/2023 13:46:05] "GET / HTTP/1.1" 302 0
[09/Apr/2023 13:46:18] "GET / HTTP/1.1" 302 0
[09/Apr/2023 13:46:23] "GET / HTTP/1.1" 302 0
[09/Apr/2023 13:46:25] "GET / HTTP/1.1" 302 0
[09/Apr/2023 13:46:25] "GET /login/?next=/ HTTP/1.1" 200 3746
[09/Apr/2023 13:46:35] "GET / HTTP/1.1" 302 0
[09/Apr/2023 13:46:48] "GET / HTTP/1.1" 302 0
[09/Apr/2023 13:46:50] "GET / HTTP/1.1" 302 0
[09/Apr/2023 13:46:50] "GET /login/?next=/ HTTP/1.1" 200 3746
[09/Apr/2023 13:46:53] "GET / HTTP/1.1" 302 0
[09/Apr/2023 13:47:05] "GET / HTTP/1.1" 302 0
[09/Apr/2023 13:47:14] "GET /admin/login/?next=/admin HTTP/1.1" 200 2216
[09/Apr/2023 13:47:18] "GET / HTTP/1.1" 302 0
[09/Apr/2023 13:47:23] "GET / HTTP/1.1" 302 0
[09/Apr/2023 13:47:35] "GET / HTTP/1.1" 302 0
[09/Apr/2023 13:47:48] "GET / HTTP/1.1" 302 0
[09/Apr/2023 13:47:53] "GET / HTTP/1.1" 302 0
[09/Apr/2023 13:47:58] "GET /admin/login/?next=/admin HTTP/1.1" 200 2216
[09/Apr/2023 13:47:58] "POST /admin/login/?next=/admin HTTP/1.1" 200 2395
[09/Apr/2023 13:48:05] "GET / HTTP/1.1" 302 0
[09/Apr/2023 13:48:18] "GET / HTTP/1.1" 302 0
[09/Apr/2023 13:48:23] "GET / HTTP/1.1" 302 0
[09/Apr/2023 13:48:35] "GET / HTTP/1.1" 302 0
[09/Apr/2023 13:48:48] "GET / HTTP/1.1" 302 0
[09/Apr/2023 13:48:53] "GET / HTTP/1.1" 302 0
[09/Apr/2023 13:49:05] "GET / HTTP/1.1" 302 0
[09/Apr/2023 13:49:15] "GET / HTTP/1.1" 302 0
[09/Apr/2023 13:49:18] "GET / HTTP/1.1" 302 0
[09/Apr/2023 13:49:23] "GET / HTTP/1.1" 302 0
[09/Apr/2023 13:49:35] "GET / HTTP/1.1" 302 0
[09/Apr/2023 13:49:48] "GET / HTTP/1.1" 302 0
[09/Apr/2023 13:49:53] "GET / HTTP/1.1" 302 0
[09/Apr/2023 13:50:05] "GET / HTTP/1.1" 302 0
[09/Apr/2023 13:50:18] "GET / HTTP/1.1" 302 0
[09/Apr/2023 13:50:20] "GET /admin/login/?next=/admin HTTP/1.1" 200 2216
[09/Apr/2023 13:50:20] "POST /admin/login/?next=/admin HTTP/1.1" 200 2395
[09/Apr/2023 13:50:20] "POST /product_detail/1/ HTTP/1.1" 302 0
[09/Apr/2023 13:50:20] "GET /product/ HTTP/1.1" 302 0
[09/Apr/2023 13:50:20] "GET /login/?next=/product/ HTTP/1.1" 200 3746
[09/Apr/2023 13:50:23] "GET / HTTP/1.1" 302 0
[09/Apr/2023 13:50:23] "POST /product_detail/1/ HTTP/1.1" 302 0
[09/Apr/2023 13:50:23] "GET /product/ HTTP/1.1" 302 0
[09/Apr/2023 13:50:23] "GET /login/?next=/product/ HTTP/1.1" 200 3746
[09/Apr/2023 13:50:27] "POST /product_detail/1/ HTTP/1.1" 302 0
[09/Apr/2023 13:50:27] "GET /product/ HTTP/1.1" 302 0
[09/Apr/2023 13:50:27] "GET /login/?next=/product/ HTTP/1.1" 200 3746
[09/Apr/2023 13:50:30] "POST /product_detail/1/ HTTP/1.1" 302 0
[09/Apr/2023 13:50:30] "GET /product/ HTTP/1.1" 302 0
[09/Apr/2023 13:50:30] "GET /login/?next=/product/ HTTP/1.1" 200 3746
[09/Apr/2023 13:50:31] "POST /product_detail/1/ HTTP/1.1" 302 0
[09/Apr/2023 13:50:31] "GET /product/ HTTP/1.1" 302 0
[09/Apr/2023 13:50:31] "GET /login/?next=/product/ HTTP/1.1" 200 3746
[09/Apr/2023 13:50:33] "POST /product_detail/1/ HTTP/1.1" 302 0
[09/Apr/2023 13:50:33] "GET /product/ HTTP/1.1" 302 0
[09/Apr/2023 13:50:33] "GET /login/?next=/product/ HTTP/1.1" 200 3746
[09/Apr/2023 13:50:35] "GET / HTTP/1.1" 302 0
[09/Apr/2023 13:50:36] "POST /product_detail/1/ HTTP/1.1" 302 0
[09/Apr/2023 13:50:36] "GET /product/ HTTP/1.1" 302 0
[09/Apr/2023 13:50:36] "GET /login/?next=/product/ HTTP/1.1" 200 3746
[09/Apr/2023 13:50:38] "POST /product_detail/1/ HTTP/1.1" 302 0
[09/Apr/2023 13:50:38] "GET /product/ HTTP/1.1" 302 0
[09/Apr/2023 13:50:38] "GET /login/?next=/product/ HTTP/1.1" 200 3746
[09/Apr/2023 13:50:42] "POST /product_detail/1/ HTTP/1.1" 302 0
[09/Apr/2023 13:50:42] "GET /product/ HTTP/1.1" 302 0
[09/Apr/2023 13:50:42] "GET /login/?next=/product/ HTTP/1.1" 200 3746
[09/Apr/2023 13:50:44] "POST /product_detail/1/ HTTP/1.1" 302 0
[09/Apr/2023 13:50:44] "GET /product/ HTTP/1.1" 302 0
[09/Apr/2023 13:50:44] "GET /login/?next=/product/ HTTP/1.1" 200 3746
[09/Apr/2023 13:50:48] "GET / HTTP/1.1" 302 0
[09/Apr/2023 13:50:53] "GET / HTTP/1.1" 302 0
[09/Apr/2023 13:51:05] "GET / HTTP/1.1" 302 0
[09/Apr/2023 13:51:18] "GET / HTTP/1.1" 302 0
[09/Apr/2023 13:51:23] "GET / HTTP/1.1" 302 0
[09/Apr/2023 13:51:32] "GET /admin/login/?next=/admin HTTP/1.1" 200 2216
[09/Apr/2023 13:51:32] "POST /admin/login/?next=/admin HTTP/1.1" 200 2395
[09/Apr/2023 13:51:35] "GET / HTTP/1.1" 302 0
[09/Apr/2023 13:51:48] "GET / HTTP/1.1" 302 0
[09/Apr/2023 13:51:53] "GET / HTTP/1.1" 302 0
[09/Apr/2023 13:52:05] "GET / HTTP/1.1" 302 0
[09/Apr/2023 13:52:18] "GET / HTTP/1.1" 302 0
[09/Apr/2023 13:52:23] "GET / HTTP/1.1" 302 0
[09/Apr/2023 13:52:27] "GET /admin/login/?next=/admin HTTP/1.1" 200 2216
[09/Apr/2023 13:52:27] "POST /admin/login/?next=/admin HTTP/1.1" 200 2395
[09/Apr/2023 13:52:27] "POST /product_detail/1/ HTTP/1.1" 302 0
[09/Apr/2023 13:52:27] "GET /product/ HTTP/1.1" 302 0
[09/Apr/2023 13:52:27] "GET /login/?next=/product/ HTTP/1.1" 200 3746
[09/Apr/2023 13:52:30] "POST /product_detail/1/ HTTP/1.1" 302 0
[09/Apr/2023 13:52:30] "GET /product/ HTTP/1.1" 302 0
[09/Apr/2023 13:52:30] "GET /login/?next=/product/ HTTP/1.1" 200 3746
[09/Apr/2023 13:52:33] "POST /product_detail/1/ HTTP/1.1" 302 0
[09/Apr/2023 13:52:33] "GET /product/ HTTP/1.1" 302 0
[09/Apr/2023 13:52:33] "GET /login/?next=/product/ HTTP/1.1" 200 3746
[09/Apr/2023 13:52:35] "GET / HTTP/1.1" 302 0
[09/Apr/2023 13:52:37] "POST /product_detail/1/ HTTP/1.1" 302 0
[09/Apr/2023 13:52:37] "GET /product/ HTTP/1.1" 302 0
[09/Apr/2023 13:52:37] "GET /login/?next=/product/ HTTP/1.1" 200 3746
[09/Apr/2023 13:52:39] "POST /product_detail/1/ HTTP/1.1" 302 0
[09/Apr/2023 13:52:39] "GET /product/ HTTP/1.1" 302 0
[09/Apr/2023 13:52:39] "GET /login/?next=/product/ HTTP/1.1" 200 3746
[09/Apr/2023 13:52:40] "POST /product_detail/1/ HTTP/1.1" 302 0
[09/Apr/2023 13:52:40] "GET /product/ HTTP/1.1" 302 0
[09/Apr/2023 13:52:41] "GET /login/?next=/product/ HTTP/1.1" 200 3746
[09/Apr/2023 13:52:44] "POST /product_detail/1/ HTTP/1.1" 302 0
[09/Apr/2023 13:52:44] "GET /product/ HTTP/1.1" 302 0
[09/Apr/2023 13:52:44] "GET /login/?next=/product/ HTTP/1.1" 200 3746
[09/Apr/2023 13:52:46] "POST /product_detail/1/ HTTP/1.1" 302 0
[09/Apr/2023 13:52:46] "GET /product/ HTTP/1.1" 302 0
[09/Apr/2023 13:52:46] "GET /login/?next=/product/ HTTP/1.1" 200 3746
[09/Apr/2023 13:52:48] "POST /product_detail/1/ HTTP/1.1" 302 0
[09/Apr/2023 13:52:48] "GET /product/ HTTP/1.1" 302 0
[09/Apr/2023 13:52:48] "GET /login/?next=/product/ HTTP/1.1" 200 3746
[09/Apr/2023 13:52:48] "GET / HTTP/1.1" 302 0
[09/Apr/2023 13:52:52] "POST /product_detail/1/ HTTP/1.1" 302 0
[09/Apr/2023 13:52:52] "GET /product/ HTTP/1.1" 302 0
[09/Apr/2023 13:52:52] "GET /login/?next=/product/ HTTP/1.1" 200 3746
[09/Apr/2023 13:52:53] "GET / HTTP/1.1" 302 0
[09/Apr/2023 13:52:56] "POST /product_detail/1/ HTTP/1.1" 302 0
[09/Apr/2023 13:52:56] "GET /product/ HTTP/1.1" 302 0
[09/Apr/2023 13:52:56] "GET /login/?next=/product/ HTTP/1.1" 200 3746
[09/Apr/2023 13:52:59] "POST /product_detail/1/ HTTP/1.1" 302 0
[09/Apr/2023 13:52:59] "GET /product/ HTTP/1.1" 302 0
[09/Apr/2023 13:52:59] "GET /login/?next=/product/ HTTP/1.1" 200 3746
[09/Apr/2023 13:53:03] "POST /product_detail/1/ HTTP/1.1" 302 0
[09/Apr/2023 13:53:03] "GET /product/ HTTP/1.1" 302 0
[09/Apr/2023 13:53:04] "GET /login/?next=/product/ HTTP/1.1" 200 3746
[09/Apr/2023 13:53:05] "GET / HTTP/1.1" 302 0
[09/Apr/2023 13:53:06] "POST /product_detail/1/ HTTP/1.1" 302 0
[09/Apr/2023 13:53:06] "GET /product/ HTTP/1.1" 302 0
[09/Apr/2023 13:53:06] "GET /login/?next=/product/ HTTP/1.1" 200 3746
[09/Apr/2023 13:53:08] "POST /product_detail/1/ HTTP/1.1" 302 0
[09/Apr/2023 13:53:08] "GET /product/ HTTP/1.1" 302 0
[09/Apr/2023 13:53:08] "GET /login/?next=/product/ HTTP/1.1" 200 3746
[09/Apr/2023 13:53:18] "GET / HTTP/1.1" 302 0
[09/Apr/2023 13:53:23] "GET / HTTP/1.1" 302 0
[09/Apr/2023 13:53:35] "GET / HTTP/1.1" 302 0
[09/Apr/2023 13:53:48] "GET / HTTP/1.1" 302 0
[09/Apr/2023 13:53:53] "GET / HTTP/1.1" 302 0
[09/Apr/2023 13:54:05] "GET / HTTP/1.1" 302 0
[09/Apr/2023 13:54:18] "GET / HTTP/1.1" 302 0
[09/Apr/2023 13:54:23] "GET / HTTP/1.1" 302 0
[09/Apr/2023 13:54:35] "GET / HTTP/1.1" 302 0
[09/Apr/2023 13:54:48] "GET / HTTP/1.1" 302 0
[09/Apr/2023 13:54:52] "GET /login HTTP/1.1" 301 0
[09/Apr/2023 13:54:52] "GET /login/ HTTP/1.1" 200 3746
[09/Apr/2023 13:54:53] "GET / HTTP/1.1" 302 0
[09/Apr/2023 13:55:05] "GET / HTTP/1.1" 302 0
[09/Apr/2023 13:55:18] "GET / HTTP/1.1" 302 0
[09/Apr/2023 13:55:19] "GET /login HTTP/1.1" 301 0
[09/Apr/2023 13:55:19] "GET /login/ HTTP/1.1" 200 3746
[09/Apr/2023 13:55:23] "GET / HTTP/1.1" 302 0
[09/Apr/2023 13:55:35] "GET / HTTP/1.1" 302 0
[09/Apr/2023 13:55:48] "GET / HTTP/1.1" 302 0
[09/Apr/2023 13:55:54] "GET / HTTP/1.1" 302 0
[09/Apr/2023 13:56:05] "GET / HTTP/1.1" 302 0
[09/Apr/2023 13:56:18] "GET / HTTP/1.1" 302 0
[09/Apr/2023 13:56:24] "GET / HTTP/1.1" 302 0
[09/Apr/2023 13:56:35] "GET / HTTP/1.1" 302 0
[09/Apr/2023 13:56:48] "GET / HTTP/1.1" 302 0
[09/Apr/2023 13:56:54] "GET / HTTP/1.1" 302 0
[09/Apr/2023 13:57:05] "GET / HTTP/1.1" 302 0
[09/Apr/2023 13:57:18] "GET / HTTP/1.1" 302 0
[09/Apr/2023 13:57:24] "GET / HTTP/1.1" 302 0
[09/Apr/2023 13:57:35] "GET / HTTP/1.1" 302 0
[09/Apr/2023 13:57:48] "GET / HTTP/1.1" 302 0
[09/Apr/2023 13:57:54] "GET / HTTP/1.1" 302 0
[09/Apr/2023 13:58:05] "GET / HTTP/1.1" 302 0
[09/Apr/2023 13:58:18] "GET / HTTP/1.1" 302 0
[09/Apr/2023 13:58:24] "GET / HTTP/1.1" 302 0
[09/Apr/2023 13:58:35] "GET / HTTP/1.1" 302 0
[09/Apr/2023 13:58:48] "GET / HTTP/1.1" 302 0
[09/Apr/2023 13:58:54] "GET / HTTP/1.1" 302 0
[09/Apr/2023 13:59:05] "GET / HTTP/1.1" 302 0
[09/Apr/2023 13:59:17] "GET /login/ HTTP/1.1" 200 3746
Internal Server Error: /login
Traceback (most recent call last):
  File "/home/ec2-user/django_order/venv/lib/python3.7/site-packages/django/core/handlers/exception.py", line 47, in inner
    response = get_response(request)
  File "/home/ec2-user/django_order/venv/lib/python3.7/site-packages/django/utils/deprecation.py", line 116, in __call__
    response = self.process_request(request)
  File "/home/ec2-user/django_order/venv/lib/python3.7/site-packages/django/middleware/common.py", line 54, in process_request
    path = self.get_full_path_with_slash(request)
  File "/home/ec2-user/django_order/venv/lib/python3.7/site-packages/django/middleware/common.py", line 95, in get_full_path_with_slash
    'url': request.get_host() + new_path,
RuntimeError: You called this URL via POST, but the URL doesn't end in a slash and you have APPEND_SLASH set. Django can't redirect to the slash URL while maintaining POST data. Change your form to point to 43.200.118.21:8000/login/ (note the trailing slash), or set APPEND_SLASH=False in your Django settings.
[09/Apr/2023 13:59:17] "POST /login HTTP/1.1" 500 66938
[09/Apr/2023 13:59:18] "GET / HTTP/1.1" 302 0
[09/Apr/2023 13:59:24] "GET / HTTP/1.1" 302 0
[09/Apr/2023 13:59:35] "GET / HTTP/1.1" 302 0
[09/Apr/2023 13:59:49] "GET / HTTP/1.1" 302 0
[09/Apr/2023 13:59:54] "GET / HTTP/1.1" 302 0
[09/Apr/2023 14:00:05] "GET / HTTP/1.1" 302 0
[09/Apr/2023 14:00:19] "GET / HTTP/1.1" 302 0
[09/Apr/2023 14:00:22] "GET /login/ HTTP/1.1" 200 3746
Internal Server Error: /login
Traceback (most recent call last):
  File "/home/ec2-user/django_order/venv/lib/python3.7/site-packages/django/core/handlers/exception.py", line 47, in inner
    response = get_response(request)
  File "/home/ec2-user/django_order/venv/lib/python3.7/site-packages/django/utils/deprecation.py", line 116, in __call__
    response = self.process_request(request)
  File "/home/ec2-user/django_order/venv/lib/python3.7/site-packages/django/middleware/common.py", line 54, in process_request
    path = self.get_full_path_with_slash(request)
  File "/home/ec2-user/django_order/venv/lib/python3.7/site-packages/django/middleware/common.py", line 95, in get_full_path_with_slash
    'url': request.get_host() + new_path,
RuntimeError: You called this URL via POST, but the URL doesn't end in a slash and you have APPEND_SLASH set. Django can't redirect to the slash URL while maintaining POST data. Change your form to point to 43.200.118.21:8000/login/ (note the trailing slash), or set APPEND_SLASH=False in your Django settings.
[09/Apr/2023 14:00:22] "POST /login HTTP/1.1" 500 66938
[09/Apr/2023 14:00:24] "GET / HTTP/1.1" 302 0
[09/Apr/2023 14:00:36] "GET / HTTP/1.1" 302 0
[09/Apr/2023 14:00:49] "GET / HTTP/1.1" 302 0
[09/Apr/2023 14:00:53] "GET /admin/login/?next=/admin HTTP/1.1" 200 2216
[09/Apr/2023 14:00:53] "POST /admin/login/?next=/admin HTTP/1.1" 200 2395
[09/Apr/2023 14:00:54] "GET / HTTP/1.1" 302 0
[09/Apr/2023 14:01:06] "GET / HTTP/1.1" 302 0
[09/Apr/2023 14:01:19] "GET / HTTP/1.1" 302 0
[09/Apr/2023 14:01:23] "GET /admin/ HTTP/1.1" 302 0
[09/Apr/2023 14:01:23] "GET /admin/login/?next=/admin/ HTTP/1.1" 200 2218
[09/Apr/2023 14:01:24] "GET / HTTP/1.1" 302 0
[09/Apr/2023 14:01:34] "POST /admin/login/?next=/admin/ HTTP/1.1" 302 0
[09/Apr/2023 14:01:34] "GET /admin/ HTTP/1.1" 200 4248
[09/Apr/2023 14:01:34] "GET /static/admin/css/base.css HTTP/1.1" 200 19513
[09/Apr/2023 14:01:34] "GET /static/admin/css/dashboard.css HTTP/1.1" 200 380
[09/Apr/2023 14:01:34] "GET /static/admin/css/nav_sidebar.css HTTP/1.1" 200 2271
[09/Apr/2023 14:01:34] "GET /static/admin/css/responsive.css HTTP/1.1" 200 18545
[09/Apr/2023 14:01:34] "GET /static/admin/css/fonts.css HTTP/1.1" 200 423
[09/Apr/2023 14:01:34] "GET /static/admin/js/nav_sidebar.js HTTP/1.1" 200 1360
[09/Apr/2023 14:01:34] "GET /static/admin/img/icon-deletelink.svg HTTP/1.1" 200 392
[09/Apr/2023 14:01:34] "GET /static/admin/img/icon-addlink.svg HTTP/1.1" 200 331
[09/Apr/2023 14:01:34] "GET /static/admin/img/icon-changelink.svg HTTP/1.1" 200 380
[09/Apr/2023 14:01:34] "GET /static/admin/fonts/Roboto-Light-webfont.woff HTTP/1.1" 200 85692
[09/Apr/2023 14:01:34] "GET /static/admin/fonts/Roboto-Regular-webfont.woff HTTP/1.1" 200 85876
[09/Apr/2023 14:01:34] "GET /static/admin/fonts/Roboto-Bold-webfont.woff HTTP/1.1" 200 86184
[09/Apr/2023 14:01:36] "GET / HTTP/1.1" 302 0
[09/Apr/2023 14:01:49] "GET / HTTP/1.1" 302 0
[09/Apr/2023 14:01:54] "GET / HTTP/1.1" 302 0
[09/Apr/2023 14:02:06] "GET / HTTP/1.1" 302 0
[09/Apr/2023 14:02:19] "GET / HTTP/1.1" 302 0
[09/Apr/2023 14:02:24] "GET / HTTP/1.1" 302 0
[09/Apr/2023 14:02:36] "GET / HTTP/1.1" 302 0
[09/Apr/2023 14:02:49] "GET / HTTP/1.1" 302 0
[09/Apr/2023 14:02:54] "GET / HTTP/1.1" 302 0
[09/Apr/2023 14:03:06] "GET / HTTP/1.1" 302 0
[09/Apr/2023 14:03:19] "GET / HTTP/1.1" 302 0
[09/Apr/2023 14:03:24] "GET / HTTP/1.1" 302 0
[09/Apr/2023 14:03:36] "GET / HTTP/1.1" 302 0
[09/Apr/2023 14:03:49] "GET / HTTP/1.1" 302 0
[09/Apr/2023 14:03:54] "GET / HTTP/1.1" 302 0
[09/Apr/2023 14:04:06] "GET / HTTP/1.1" 302 0
[09/Apr/2023 14:04:19] "GET / HTTP/1.1" 302 0
[09/Apr/2023 14:04:24] "GET / HTTP/1.1" 302 0
[09/Apr/2023 14:04:36] "GET / HTTP/1.1" 302 0
[09/Apr/2023 14:04:49] "GET / HTTP/1.1" 302 0
[09/Apr/2023 14:04:54] "GET / HTTP/1.1" 302 0
[09/Apr/2023 14:05:06] "GET / HTTP/1.1" 302 0
[09/Apr/2023 14:05:19] "GET / HTTP/1.1" 302 0
[09/Apr/2023 14:05:24] "GET / HTTP/1.1" 302 0
[09/Apr/2023 14:05:36] "GET / HTTP/1.1" 302 0
[09/Apr/2023 14:05:49] "GET / HTTP/1.1" 302 0
[09/Apr/2023 14:05:54] "GET / HTTP/1.1" 302 0
[09/Apr/2023 14:06:06] "GET / HTTP/1.1" 302 0
[09/Apr/2023 14:06:19] "GET / HTTP/1.1" 302 0
[09/Apr/2023 14:06:24] "GET / HTTP/1.1" 302 0
[09/Apr/2023 14:06:36] "GET / HTTP/1.1" 302 0
[09/Apr/2023 14:06:49] "GET / HTTP/1.1" 302 0
[09/Apr/2023 14:06:54] "GET / HTTP/1.1" 302 0
[09/Apr/2023 14:07:06] "GET / HTTP/1.1" 302 0
[09/Apr/2023 14:07:19] "GET / HTTP/1.1" 302 0
[09/Apr/2023 14:07:24] "GET / HTTP/1.1" 302 0
[09/Apr/2023 14:07:36] "GET / HTTP/1.1" 302 0
[09/Apr/2023 14:07:49] "GET / HTTP/1.1" 302 0
[09/Apr/2023 14:07:54] "GET / HTTP/1.1" 302 0
[09/Apr/2023 14:08:06] "GET / HTTP/1.1" 302 0
[09/Apr/2023 14:08:19] "GET / HTTP/1.1" 302 0
[09/Apr/2023 14:08:24] "GET / HTTP/1.1" 302 0
[09/Apr/2023 14:08:36] "GET / HTTP/1.1" 302 0
[09/Apr/2023 14:08:49] "GET / HTTP/1.1" 302 0
[09/Apr/2023 14:08:54] "GET / HTTP/1.1" 302 0
[09/Apr/2023 14:09:06] "GET / HTTP/1.1" 302 0
[09/Apr/2023 14:09:19] "GET / HTTP/1.1" 302 0
[09/Apr/2023 14:09:24] "GET / HTTP/1.1" 302 0
[09/Apr/2023 14:09:36] "GET / HTTP/1.1" 302 0
[09/Apr/2023 14:09:49] "GET / HTTP/1.1" 302 0
[09/Apr/2023 14:09:54] "GET / HTTP/1.1" 302 0
[09/Apr/2023 14:10:06] "GET / HTTP/1.1" 302 0
[09/Apr/2023 14:10:19] "GET / HTTP/1.1" 302 0
[09/Apr/2023 14:10:24] "GET / HTTP/1.1" 302 0
[09/Apr/2023 14:10:36] "GET / HTTP/1.1" 302 0
[09/Apr/2023 14:10:49] "GET / HTTP/1.1" 302 0
[09/Apr/2023 14:10:54] "GET / HTTP/1.1" 302 0
[09/Apr/2023 14:10:59] "GET /admin/login/?next=/admin HTTP/1.1" 200 2216
[09/Apr/2023 14:10:59] "POST /admin/login/?next=/admin HTTP/1.1" 200 2395
[09/Apr/2023 14:10:59] "GET /product_detail/1/ HTTP/1.1" 302 0
[09/Apr/2023 14:10:59] "GET /product/ HTTP/1.1" 302 0
[09/Apr/2023 14:10:59] "GET /login/?next=/product/ HTTP/1.1" 200 3746
[09/Apr/2023 14:11:01] "GET /product_detail/1/ HTTP/1.1" 302 0
[09/Apr/2023 14:11:01] "GET /product/ HTTP/1.1" 302 0
[09/Apr/2023 14:11:01] "GET /login/?next=/product/ HTTP/1.1" 200 3746
[09/Apr/2023 14:11:04] "GET /product_detail/1/ HTTP/1.1" 302 0
[09/Apr/2023 14:11:04] "GET /product/ HTTP/1.1" 302 0
[09/Apr/2023 14:11:04] "GET /login/?next=/product/ HTTP/1.1" 200 3746
[09/Apr/2023 14:11:06] "GET / HTTP/1.1" 302 0
[09/Apr/2023 14:11:06] "GET /product_detail/1/ HTTP/1.1" 302 0
[09/Apr/2023 14:11:06] "GET /product/ HTTP/1.1" 302 0
[09/Apr/2023 14:11:06] "GET /login/?next=/product/ HTTP/1.1" 200 3746
[09/Apr/2023 14:11:09] "GET /product_detail/1/ HTTP/1.1" 302 0
[09/Apr/2023 14:11:09] "GET /product/ HTTP/1.1" 302 0
[09/Apr/2023 14:11:09] "GET /login/?next=/product/ HTTP/1.1" 200 3746
[09/Apr/2023 14:11:11] "GET /product_detail/1/ HTTP/1.1" 302 0
[09/Apr/2023 14:11:11] "GET /product/ HTTP/1.1" 302 0
[09/Apr/2023 14:11:11] "GET /login/?next=/product/ HTTP/1.1" 200 3746
[09/Apr/2023 14:11:15] "GET /product_detail/1/ HTTP/1.1" 302 0
[09/Apr/2023 14:11:15] "GET /product/ HTTP/1.1" 302 0
[09/Apr/2023 14:11:15] "GET /login/?next=/product/ HTTP/1.1" 200 3746
[09/Apr/2023 14:11:19] "GET / HTTP/1.1" 302 0
[09/Apr/2023 14:11:19] "GET /product_detail/1/ HTTP/1.1" 302 0
[09/Apr/2023 14:11:19] "GET /product/ HTTP/1.1" 302 0
[09/Apr/2023 14:11:19] "GET /login/?next=/product/ HTTP/1.1" 200 3746
[09/Apr/2023 14:11:23] "GET /product_detail/1/ HTTP/1.1" 302 0
[09/Apr/2023 14:11:23] "GET /product/ HTTP/1.1" 302 0
[09/Apr/2023 14:11:23] "GET /login/?next=/product/ HTTP/1.1" 200 3746
[09/Apr/2023 14:11:24] "GET / HTTP/1.1" 302 0
[09/Apr/2023 14:11:36] "GET / HTTP/1.1" 302 0
[09/Apr/2023 14:11:43] "GET /admin/login/?next=/admin HTTP/1.1" 200 2216
[09/Apr/2023 14:11:43] "POST /admin/login/?next=/admin HTTP/1.1" 200 2395
Forbidden (CSRF token missing or incorrect.): /product_detail/1/
[09/Apr/2023 14:11:43] "POST /product_detail/1/ HTTP/1.1" 403 2519
Forbidden (CSRF token missing or incorrect.): /product_detail/1/
[09/Apr/2023 14:11:44] "POST /product_detail/1/ HTTP/1.1" 403 2519
Forbidden (CSRF token missing or incorrect.): /product_detail/1/
[09/Apr/2023 14:11:48] "POST /product_detail/1/ HTTP/1.1" 403 2519
[09/Apr/2023 14:11:49] "GET / HTTP/1.1" 302 0
Forbidden (CSRF token missing or incorrect.): /product_detail/1/
[09/Apr/2023 14:11:50] "POST /product_detail/1/ HTTP/1.1" 403 2519
Forbidden (CSRF token missing or incorrect.): /product_detail/1/
[09/Apr/2023 14:11:53] "POST /product_detail/1/ HTTP/1.1" 403 2519
[09/Apr/2023 14:11:54] "GET / HTTP/1.1" 302 0
Forbidden (CSRF token missing or incorrect.): /product_detail/1/
[09/Apr/2023 14:11:55] "POST /product_detail/1/ HTTP/1.1" 403 2519
[09/Apr/2023 14:12:06] "GET / HTTP/1.1" 302 0
[09/Apr/2023 14:12:19] "GET / HTTP/1.1" 302 0
[09/Apr/2023 14:12:24] "GET / HTTP/1.1" 302 0
[09/Apr/2023 14:12:36] "GET / HTTP/1.1" 302 0
[09/Apr/2023 14:12:49] "GET / HTTP/1.1" 302 0
[09/Apr/2023 14:12:54] "GET / HTTP/1.1" 302 0
[09/Apr/2023 14:13:06] "GET / HTTP/1.1" 302 0
[09/Apr/2023 14:13:19] "GET / HTTP/1.1" 302 0
[09/Apr/2023 14:13:24] "GET / HTTP/1.1" 302 0
[09/Apr/2023 14:13:35] "GET /admin/login/?next=/admin HTTP/1.1" 200 2216
[09/Apr/2023 14:13:35] "POST /admin/login/?next=/admin HTTP/1.1" 200 2395
[09/Apr/2023 14:13:36] "GET / HTTP/1.1" 302 0
[09/Apr/2023 14:13:49] "GET / HTTP/1.1" 302 0
[09/Apr/2023 14:13:54] "GET / HTTP/1.1" 302 0
[09/Apr/2023 14:14:06] "GET / HTTP/1.1" 302 0
[09/Apr/2023 14:14:19] "GET / HTTP/1.1" 302 0
[09/Apr/2023 14:14:24] "GET / HTTP/1.1" 302 0
[09/Apr/2023 14:14:36] "GET / HTTP/1.1" 302 0
[09/Apr/2023 14:14:49] "GET / HTTP/1.1" 302 0
[09/Apr/2023 14:14:54] "GET / HTTP/1.1" 302 0
[09/Apr/2023 14:14:57] "GET /admin/login/?next=/admin/ HTTP/1.1" 302 0
[09/Apr/2023 14:14:58] "GET /admin/ HTTP/1.1" 200 4248
Internal Server Error: /
Traceback (most recent call last):
  File "/home/ec2-user/django_order/venv/lib/python3.7/site-packages/django/core/handlers/exception.py", line 47, in inner
    response = get_response(request)
  File "/home/ec2-user/django_order/venv/lib/python3.7/site-packages/django/core/handlers/base.py", line 181, in _get_response
    response = wrapped_callback(request, *callback_args, **callback_kwargs)
  File "/home/ec2-user/django_order/venv/lib/python3.7/site-packages/django/contrib/auth/decorators.py", line 21, in _wrapped_view
    return view_func(request, *args, **kwargs)
  File "/home/ec2-user/django_order/ecommerce/order/views.py", line 97, in product_list
    return render(request, 'product_list.html', context)
  File "/home/ec2-user/django_order/venv/lib/python3.7/site-packages/django/shortcuts.py", line 19, in render
    content = loader.render_to_string(template_name, context, request, using=using)
  File "/home/ec2-user/django_order/venv/lib/python3.7/site-packages/django/template/loader.py", line 62, in render_to_string
    return template.render(context, request)
  File "/home/ec2-user/django_order/venv/lib/python3.7/site-packages/django/template/backends/django.py", line 61, in render
    return self.template.render(context)
  File "/home/ec2-user/django_order/venv/lib/python3.7/site-packages/django/template/base.py", line 170, in render
    return self._render(context)
  File "/home/ec2-user/django_order/venv/lib/python3.7/site-packages/django/template/base.py", line 162, in _render
    return self.nodelist.render(context)
  File "/home/ec2-user/django_order/venv/lib/python3.7/site-packages/django/template/base.py", line 938, in render
    bit = node.render_annotated(context)
  File "/home/ec2-user/django_order/venv/lib/python3.7/site-packages/django/template/base.py", line 905, in render_annotated
    return self.render(context)
  File "/home/ec2-user/django_order/venv/lib/python3.7/site-packages/django/template/loader_tags.py", line 150, in render
    return compiled_parent._render(context)
  File "/home/ec2-user/django_order/venv/lib/python3.7/site-packages/django/template/base.py", line 162, in _render
    return self.nodelist.render(context)
  File "/home/ec2-user/django_order/venv/lib/python3.7/site-packages/django/template/base.py", line 938, in render
    bit = node.render_annotated(context)
  File "/home/ec2-user/django_order/venv/lib/python3.7/site-packages/django/template/base.py", line 905, in render_annotated
    return self.render(context)
  File "/home/ec2-user/django_order/venv/lib/python3.7/site-packages/django/template/loader_tags.py", line 62, in render
    result = block.nodelist.render(context)
  File "/home/ec2-user/django_order/venv/lib/python3.7/site-packages/django/template/base.py", line 938, in render
    bit = node.render_annotated(context)
  File "/home/ec2-user/django_order/venv/lib/python3.7/site-packages/django/template/base.py", line 905, in render_annotated
    return self.render(context)
  File "/home/ec2-user/django_order/venv/lib/python3.7/site-packages/django/template/defaulttags.py", line 214, in render
    nodelist.append(node.render_annotated(context))
  File "/home/ec2-user/django_order/venv/lib/python3.7/site-packages/django/template/base.py", line 905, in render_annotated
    return self.render(context)
  File "/home/ec2-user/django_order/venv/lib/python3.7/site-packages/django/template/base.py", line 988, in render
    output = self.filter_expression.resolve(context)
  File "/home/ec2-user/django_order/venv/lib/python3.7/site-packages/django/template/base.py", line 698, in resolve
    new_obj = func(obj, *arg_vals)
  File "/home/ec2-user/django_order/ecommerce/order/templatetags/filters.py", line 37, in resize
    raise e
  File "/home/ec2-user/django_order/ecommerce/order/templatetags/filters.py", line 33, in resize
    s3.head_object(Bucket=bucket_name, Key=dest_key)
  File "/home/ec2-user/django_order/venv/lib/python3.7/site-packages/botocore/client.py", line 530, in _api_call
    return self._make_api_call(operation_name, kwargs)
  File "/home/ec2-user/django_order/venv/lib/python3.7/site-packages/botocore/client.py", line 960, in _make_api_call
    raise error_class(parsed_response, operation_name)
botocore.exceptions.ClientError: An error occurred (400) when calling the HeadObject operation: Bad Request
[09/Apr/2023 14:15:01] "GET / HTTP/1.1" 500 192364
Internal Server Error: /
Traceback (most recent call last):
  File "/home/ec2-user/django_order/venv/lib/python3.7/site-packages/django/core/handlers/exception.py", line 47, in inner
    response = get_response(request)
  File "/home/ec2-user/django_order/venv/lib/python3.7/site-packages/django/core/handlers/base.py", line 181, in _get_response
    response = wrapped_callback(request, *callback_args, **callback_kwargs)
  File "/home/ec2-user/django_order/venv/lib/python3.7/site-packages/django/contrib/auth/decorators.py", line 21, in _wrapped_view
    return view_func(request, *args, **kwargs)
  File "/home/ec2-user/django_order/ecommerce/order/views.py", line 97, in product_list
    return render(request, 'product_list.html', context)
  File "/home/ec2-user/django_order/venv/lib/python3.7/site-packages/django/shortcuts.py", line 19, in render
    content = loader.render_to_string(template_name, context, request, using=using)
  File "/home/ec2-user/django_order/venv/lib/python3.7/site-packages/django/template/loader.py", line 62, in render_to_string
    return template.render(context, request)
  File "/home/ec2-user/django_order/venv/lib/python3.7/site-packages/django/template/backends/django.py", line 61, in render
    return self.template.render(context)
  File "/home/ec2-user/django_order/venv/lib/python3.7/site-packages/django/template/base.py", line 170, in render
    return self._render(context)
  File "/home/ec2-user/django_order/venv/lib/python3.7/site-packages/django/template/base.py", line 162, in _render
    return self.nodelist.render(context)
  File "/home/ec2-user/django_order/venv/lib/python3.7/site-packages/django/template/base.py", line 938, in render
    bit = node.render_annotated(context)
  File "/home/ec2-user/django_order/venv/lib/python3.7/site-packages/django/template/base.py", line 905, in render_annotated
    return self.render(context)
  File "/home/ec2-user/django_order/venv/lib/python3.7/site-packages/django/template/loader_tags.py", line 150, in render
    return compiled_parent._render(context)
  File "/home/ec2-user/django_order/venv/lib/python3.7/site-packages/django/template/base.py", line 162, in _render
    return self.nodelist.render(context)
  File "/home/ec2-user/django_order/venv/lib/python3.7/site-packages/django/template/base.py", line 938, in render
    bit = node.render_annotated(context)
  File "/home/ec2-user/django_order/venv/lib/python3.7/site-packages/django/template/base.py", line 905, in render_annotated
    return self.render(context)
  File "/home/ec2-user/django_order/venv/lib/python3.7/site-packages/django/template/loader_tags.py", line 62, in render
    result = block.nodelist.render(context)
  File "/home/ec2-user/django_order/venv/lib/python3.7/site-packages/django/template/base.py", line 938, in render
    bit = node.render_annotated(context)
  File "/home/ec2-user/django_order/venv/lib/python3.7/site-packages/django/template/base.py", line 905, in render_annotated
    return self.render(context)
  File "/home/ec2-user/django_order/venv/lib/python3.7/site-packages/django/template/defaulttags.py", line 214, in render
    nodelist.append(node.render_annotated(context))
  File "/home/ec2-user/django_order/venv/lib/python3.7/site-packages/django/template/base.py", line 905, in render_annotated
    return self.render(context)
  File "/home/ec2-user/django_order/venv/lib/python3.7/site-packages/django/template/base.py", line 988, in render
    output = self.filter_expression.resolve(context)
  File "/home/ec2-user/django_order/venv/lib/python3.7/site-packages/django/template/base.py", line 698, in resolve
    new_obj = func(obj, *arg_vals)
  File "/home/ec2-user/django_order/ecommerce/order/templatetags/filters.py", line 37, in resize
    raise e
  File "/home/ec2-user/django_order/ecommerce/order/templatetags/filters.py", line 33, in resize
    s3.head_object(Bucket=bucket_name, Key=dest_key)
  File "/home/ec2-user/django_order/venv/lib/python3.7/site-packages/botocore/client.py", line 530, in _api_call
    return self._make_api_call(operation_name, kwargs)
  File "/home/ec2-user/django_order/venv/lib/python3.7/site-packages/botocore/client.py", line 960, in _make_api_call
    raise error_class(parsed_response, operation_name)
botocore.exceptions.ClientError: An error occurred (400) when calling the HeadObject operation: Bad Request
[09/Apr/2023 14:15:05] "GET / HTTP/1.1" 500 192477
[09/Apr/2023 14:15:06] "GET / HTTP/1.1" 302 0
[09/Apr/2023 14:15:19] "GET / HTTP/1.1" 302 0
[09/Apr/2023 14:15:24] "GET / HTTP/1.1" 302 0
Internal Server Error: /
Traceback (most recent call last):
  File "/home/ec2-user/django_order/venv/lib/python3.7/site-packages/django/core/handlers/exception.py", line 47, in inner
    response = get_response(request)
  File "/home/ec2-user/django_order/venv/lib/python3.7/site-packages/django/core/handlers/base.py", line 181, in _get_response
    response = wrapped_callback(request, *callback_args, **callback_kwargs)
  File "/home/ec2-user/django_order/venv/lib/python3.7/site-packages/django/contrib/auth/decorators.py", line 21, in _wrapped_view
    return view_func(request, *args, **kwargs)
  File "/home/ec2-user/django_order/ecommerce/order/views.py", line 97, in product_list
    return render(request, 'product_list.html', context)
  File "/home/ec2-user/django_order/venv/lib/python3.7/site-packages/django/shortcuts.py", line 19, in render
    content = loader.render_to_string(template_name, context, request, using=using)
  File "/home/ec2-user/django_order/venv/lib/python3.7/site-packages/django/template/loader.py", line 62, in render_to_string
    return template.render(context, request)
  File "/home/ec2-user/django_order/venv/lib/python3.7/site-packages/django/template/backends/django.py", line 61, in render
    return self.template.render(context)
  File "/home/ec2-user/django_order/venv/lib/python3.7/site-packages/django/template/base.py", line 170, in render
    return self._render(context)
  File "/home/ec2-user/django_order/venv/lib/python3.7/site-packages/django/template/base.py", line 162, in _render
    return self.nodelist.render(context)
  File "/home/ec2-user/django_order/venv/lib/python3.7/site-packages/django/template/base.py", line 938, in render
    bit = node.render_annotated(context)
  File "/home/ec2-user/django_order/venv/lib/python3.7/site-packages/django/template/base.py", line 905, in render_annotated
    return self.render(context)
  File "/home/ec2-user/django_order/venv/lib/python3.7/site-packages/django/template/loader_tags.py", line 150, in render
    return compiled_parent._render(context)
  File "/home/ec2-user/django_order/venv/lib/python3.7/site-packages/django/template/base.py", line 162, in _render
    return self.nodelist.render(context)
  File "/home/ec2-user/django_order/venv/lib/python3.7/site-packages/django/template/base.py", line 938, in render
    bit = node.render_annotated(context)
  File "/home/ec2-user/django_order/venv/lib/python3.7/site-packages/django/template/base.py", line 905, in render_annotated
    return self.render(context)
  File "/home/ec2-user/django_order/venv/lib/python3.7/site-packages/django/template/loader_tags.py", line 62, in render
    result = block.nodelist.render(context)
  File "/home/ec2-user/django_order/venv/lib/python3.7/site-packages/django/template/base.py", line 938, in render
    bit = node.render_annotated(context)
  File "/home/ec2-user/django_order/venv/lib/python3.7/site-packages/django/template/base.py", line 905, in render_annotated
    return self.render(context)
  File "/home/ec2-user/django_order/venv/lib/python3.7/site-packages/django/template/defaulttags.py", line 214, in render
    nodelist.append(node.render_annotated(context))
  File "/home/ec2-user/django_order/venv/lib/python3.7/site-packages/django/template/base.py", line 905, in render_annotated
    return self.render(context)
  File "/home/ec2-user/django_order/venv/lib/python3.7/site-packages/django/template/base.py", line 988, in render
    output = self.filter_expression.resolve(context)
  File "/home/ec2-user/django_order/venv/lib/python3.7/site-packages/django/template/base.py", line 698, in resolve
    new_obj = func(obj, *arg_vals)
  File "/home/ec2-user/django_order/ecommerce/order/templatetags/filters.py", line 37, in resize
    raise e
  File "/home/ec2-user/django_order/ecommerce/order/templatetags/filters.py", line 33, in resize
    s3.head_object(Bucket=bucket_name, Key=dest_key)
  File "/home/ec2-user/django_order/venv/lib/python3.7/site-packages/botocore/client.py", line 530, in _api_call
    return self._make_api_call(operation_name, kwargs)
  File "/home/ec2-user/django_order/venv/lib/python3.7/site-packages/botocore/client.py", line 960, in _make_api_call
    raise error_class(parsed_response, operation_name)
botocore.exceptions.ClientError: An error occurred (400) when calling the HeadObject operation: Bad Request
[09/Apr/2023 14:15:25] "GET / HTTP/1.1" 500 192477
Internal Server Error: /
Traceback (most recent call last):
  File "/home/ec2-user/django_order/venv/lib/python3.7/site-packages/django/core/handlers/exception.py", line 47, in inner
    response = get_response(request)
  File "/home/ec2-user/django_order/venv/lib/python3.7/site-packages/django/core/handlers/base.py", line 181, in _get_response
    response = wrapped_callback(request, *callback_args, **callback_kwargs)
  File "/home/ec2-user/django_order/venv/lib/python3.7/site-packages/django/contrib/auth/decorators.py", line 21, in _wrapped_view
    return view_func(request, *args, **kwargs)
  File "/home/ec2-user/django_order/ecommerce/order/views.py", line 97, in product_list
    return render(request, 'product_list.html', context)
  File "/home/ec2-user/django_order/venv/lib/python3.7/site-packages/django/shortcuts.py", line 19, in render
    content = loader.render_to_string(template_name, context, request, using=using)
  File "/home/ec2-user/django_order/venv/lib/python3.7/site-packages/django/template/loader.py", line 62, in render_to_string
    return template.render(context, request)
  File "/home/ec2-user/django_order/venv/lib/python3.7/site-packages/django/template/backends/django.py", line 61, in render
    return self.template.render(context)
  File "/home/ec2-user/django_order/venv/lib/python3.7/site-packages/django/template/base.py", line 170, in render
    return self._render(context)
  File "/home/ec2-user/django_order/venv/lib/python3.7/site-packages/django/template/base.py", line 162, in _render
    return self.nodelist.render(context)
  File "/home/ec2-user/django_order/venv/lib/python3.7/site-packages/django/template/base.py", line 938, in render
    bit = node.render_annotated(context)
  File "/home/ec2-user/django_order/venv/lib/python3.7/site-packages/django/template/base.py", line 905, in render_annotated
    return self.render(context)
  File "/home/ec2-user/django_order/venv/lib/python3.7/site-packages/django/template/loader_tags.py", line 150, in render
    return compiled_parent._render(context)
  File "/home/ec2-user/django_order/venv/lib/python3.7/site-packages/django/template/base.py", line 162, in _render
    return self.nodelist.render(context)
  File "/home/ec2-user/django_order/venv/lib/python3.7/site-packages/django/template/base.py", line 938, in render
    bit = node.render_annotated(context)
  File "/home/ec2-user/django_order/venv/lib/python3.7/site-packages/django/template/base.py", line 905, in render_annotated
    return self.render(context)
  File "/home/ec2-user/django_order/venv/lib/python3.7/site-packages/django/template/loader_tags.py", line 62, in render
    result = block.nodelist.render(context)
  File "/home/ec2-user/django_order/venv/lib/python3.7/site-packages/django/template/base.py", line 938, in render
    bit = node.render_annotated(context)
  File "/home/ec2-user/django_order/venv/lib/python3.7/site-packages/django/template/base.py", line 905, in render_annotated
    return self.render(context)
  File "/home/ec2-user/django_order/venv/lib/python3.7/site-packages/django/template/defaulttags.py", line 214, in render
    nodelist.append(node.render_annotated(context))
  File "/home/ec2-user/django_order/venv/lib/python3.7/site-packages/django/template/base.py", line 905, in render_annotated
    return self.render(context)
  File "/home/ec2-user/django_order/venv/lib/python3.7/site-packages/django/template/base.py", line 988, in render
    output = self.filter_expression.resolve(context)
  File "/home/ec2-user/django_order/venv/lib/python3.7/site-packages/django/template/base.py", line 698, in resolve
    new_obj = func(obj, *arg_vals)
  File "/home/ec2-user/django_order/ecommerce/order/templatetags/filters.py", line 37, in resize
    raise e
  File "/home/ec2-user/django_order/ecommerce/order/templatetags/filters.py", line 33, in resize
    s3.head_object(Bucket=bucket_name, Key=dest_key)
  File "/home/ec2-user/django_order/venv/lib/python3.7/site-packages/botocore/client.py", line 530, in _api_call
    return self._make_api_call(operation_name, kwargs)
  File "/home/ec2-user/django_order/venv/lib/python3.7/site-packages/botocore/client.py", line 960, in _make_api_call
    raise error_class(parsed_response, operation_name)
botocore.exceptions.ClientError: An error occurred (400) when calling the HeadObject operation: Bad Request
[09/Apr/2023 14:15:26] "GET / HTTP/1.1" 500 192477
[09/Apr/2023 14:15:27] "GET /admin/ HTTP/1.1" 200 4248
Internal Server Error: /
Traceback (most recent call last):
  File "/home/ec2-user/django_order/venv/lib/python3.7/site-packages/django/core/handlers/exception.py", line 47, in inner
    response = get_response(request)
  File "/home/ec2-user/django_order/venv/lib/python3.7/site-packages/django/core/handlers/base.py", line 181, in _get_response
    response = wrapped_callback(request, *callback_args, **callback_kwargs)
  File "/home/ec2-user/django_order/venv/lib/python3.7/site-packages/django/contrib/auth/decorators.py", line 21, in _wrapped_view
    return view_func(request, *args, **kwargs)
  File "/home/ec2-user/django_order/ecommerce/order/views.py", line 97, in product_list
    return render(request, 'product_list.html', context)
  File "/home/ec2-user/django_order/venv/lib/python3.7/site-packages/django/shortcuts.py", line 19, in render
    content = loader.render_to_string(template_name, context, request, using=using)
  File "/home/ec2-user/django_order/venv/lib/python3.7/site-packages/django/template/loader.py", line 62, in render_to_string
    return template.render(context, request)
  File "/home/ec2-user/django_order/venv/lib/python3.7/site-packages/django/template/backends/django.py", line 61, in render
    return self.template.render(context)
  File "/home/ec2-user/django_order/venv/lib/python3.7/site-packages/django/template/base.py", line 170, in render
    return self._render(context)
  File "/home/ec2-user/django_order/venv/lib/python3.7/site-packages/django/template/base.py", line 162, in _render
    return self.nodelist.render(context)
  File "/home/ec2-user/django_order/venv/lib/python3.7/site-packages/django/template/base.py", line 938, in render
    bit = node.render_annotated(context)
  File "/home/ec2-user/django_order/venv/lib/python3.7/site-packages/django/template/base.py", line 905, in render_annotated
    return self.render(context)
  File "/home/ec2-user/django_order/venv/lib/python3.7/site-packages/django/template/loader_tags.py", line 150, in render
    return compiled_parent._render(context)
  File "/home/ec2-user/django_order/venv/lib/python3.7/site-packages/django/template/base.py", line 162, in _render
    return self.nodelist.render(context)
  File "/home/ec2-user/django_order/venv/lib/python3.7/site-packages/django/template/base.py", line 938, in render
    bit = node.render_annotated(context)
  File "/home/ec2-user/django_order/venv/lib/python3.7/site-packages/django/template/base.py", line 905, in render_annotated
    return self.render(context)
  File "/home/ec2-user/django_order/venv/lib/python3.7/site-packages/django/template/loader_tags.py", line 62, in render
    result = block.nodelist.render(context)
  File "/home/ec2-user/django_order/venv/lib/python3.7/site-packages/django/template/base.py", line 938, in render
    bit = node.render_annotated(context)
  File "/home/ec2-user/django_order/venv/lib/python3.7/site-packages/django/template/base.py", line 905, in render_annotated
    return self.render(context)
  File "/home/ec2-user/django_order/venv/lib/python3.7/site-packages/django/template/defaulttags.py", line 214, in render
    nodelist.append(node.render_annotated(context))
  File "/home/ec2-user/django_order/venv/lib/python3.7/site-packages/django/template/base.py", line 905, in render_annotated
    return self.render(context)
  File "/home/ec2-user/django_order/venv/lib/python3.7/site-packages/django/template/base.py", line 988, in render
    output = self.filter_expression.resolve(context)
  File "/home/ec2-user/django_order/venv/lib/python3.7/site-packages/django/template/base.py", line 698, in resolve
    new_obj = func(obj, *arg_vals)
  File "/home/ec2-user/django_order/ecommerce/order/templatetags/filters.py", line 37, in resize
    raise e
  File "/home/ec2-user/django_order/ecommerce/order/templatetags/filters.py", line 33, in resize
    s3.head_object(Bucket=bucket_name, Key=dest_key)
  File "/home/ec2-user/django_order/venv/lib/python3.7/site-packages/botocore/client.py", line 530, in _api_call
    return self._make_api_call(operation_name, kwargs)
  File "/home/ec2-user/django_order/venv/lib/python3.7/site-packages/botocore/client.py", line 960, in _make_api_call
    raise error_class(parsed_response, operation_name)
botocore.exceptions.ClientError: An error occurred (400) when calling the HeadObject operation: Bad Request
[09/Apr/2023 14:15:31] "GET / HTTP/1.1" 500 192340
[09/Apr/2023 14:15:36] "GET / HTTP/1.1" 302 0
[09/Apr/2023 14:15:49] "GET / HTTP/1.1" 302 0
[09/Apr/2023 14:15:55] "GET / HTTP/1.1" 302 0
